{"C:\\Promptwars\\carbonsaathi\\src\\components\\ActivitySection.jsx": {"path":"C:\\Promptwars\\carbonsaathi\\src\\components\\ActivitySection.jsx","statementMap":{"0":{"start":{"line":15,"column":17},"end":{"line":20,"column":null}},"1":{"start":{"line":26,"column":21},"end":{"line":31,"column":null}},"2":{"start":{"line":37,"column":23},"end":{"line":42,"column":null}},"3":{"start":{"line":55,"column":17},"end":{"line":55,"column":null}},"4":{"start":{"line":57,"column":8},"end":{"line":59,"column":null}},"5":{"start":{"line":58,"column":4},"end":{"line":58,"column":null}},"6":{"start":{"line":58,"column":24},"end":{"line":58,"column":29}},"7":{"start":{"line":61,"column":24},"end":{"line":61,"column":null}},"8":{"start":{"line":62,"column":18},"end":{"line":62,"column":null}},"9":{"start":{"line":63,"column":20},"end":{"line":63,"column":null}},"10":{"start":{"line":64,"column":20},"end":{"line":64,"column":null}},"11":{"start":{"line":66,"column":2},"end":{"line":112,"column":null}},"12":{"start":{"line":116,"column":0},"end":{"line":127,"column":null}}},"fnMap":{"0":{"name":"ActivitySection","decl":{"start":{"line":54,"column":9},"end":{"line":54,"column":25}},"loc":{"start":{"line":54,"column":69},"end":{"line":114,"column":null}},"line":54},"1":{"name":"(anonymous_1)","decl":{"start":{"line":57,"column":23},"end":{"line":57,"column":41}},"loc":{"start":{"line":57,"column":41},"end":{"line":59,"column":5}},"line":57},"2":{"name":"(anonymous_2)","decl":{"start":{"line":58,"column":4},"end":{"line":58,"column":15}},"loc":{"start":{"line":58,"column":24},"end":{"line":58,"column":29}},"line":58}},"branchMap":{"0":{"loc":{"start":{"line":62,"column":18},"end":{"line":62,"column":null}},"type":"binary-expr","locations":[{"start":{"line":62,"column":18},"end":{"line":62,"column":41}},{"start":{"line":62,"column":41},"end":{"line":62,"column":null}}],"line":62},"1":{"loc":{"start":{"line":63,"column":20},"end":{"line":63,"column":null}},"type":"binary-expr","locations":[{"start":{"line":63,"column":20},"end":{"line":63,"column":45}},{"start":{"line":63,"column":45},"end":{"line":63,"column":null}}],"line":63},"2":{"loc":{"start":{"line":81,"column":11},"end":{"line":81,"column":null}},"type":"binary-expr","locations":[{"start":{"line":81,"column":11},"end":{"line":81,"column":28}},{"start":{"line":81,"column":28},"end":{"line":81,"column":null}}],"line":81},"3":{"loc":{"start":{"line":95,"column":12},"end":{"line":95,"column":null}},"type":"cond-expr","locations":[{"start":{"line":95,"column":21},"end":{"line":95,"column":36}},{"start":{"line":95,"column":36},"end":{"line":95,"column":null}}],"line":95},"4":{"loc":{"start":{"line":102,"column":7},"end":{"line":112,"column":null}},"type":"binary-expr","locations":[{"start":{"line":102,"column":7},"end":{"line":102,"column":null}},{"start":{"line":103,"column":8},"end":{"line":112,"column":null}}],"line":102}},"s":{"0":0,"1":0,"2":0,"3":0,"4":0,"5":0,"6":0,"7":0,"8":0,"9":0,"10":0,"11":0,"12":0},"f":{"0":0,"1":0,"2":0},"b":{"0":[0,0],"1":[0,0],"2":[0,0],"3":[0,0],"4":[0,0]},"meta":{"lastBranch":5,"lastFunction":3,"lastStatement":13,"seen":{"s:15:17:20:Infinity":0,"s:26:21:31:Infinity":1,"s:37:23:42:Infinity":2,"f:54:9:54:25":0,"s:55:17:55:Infinity":3,"s:57:8:59:Infinity":4,"f:57:23:57:41":1,"s:58:4:58:Infinity":5,"f:58:4:58:15":2,"s:58:24:58:29":6,"s:61:24:61:Infinity":7,"s:62:18:62:Infinity":8,"b:62:18:62:41:62:41:62:Infinity":0,"s:63:20:63:Infinity":9,"b:63:20:63:45:63:45:63:Infinity":1,"s:64:20:64:Infinity":10,"s:66:2:112:Infinity":11,"b:81:11:81:28:81:28:81:Infinity":2,"b:95:21:95:36:95:36:95:Infinity":3,"b:102:7:102:Infinity:103:8:112:Infinity":4,"s:116:0:127:Infinity":12}}}
,"C:\\Promptwars\\carbonsaathi\\src\\components\\CategoryCard.jsx": {"path":"C:\\Promptwars\\carbonsaathi\\src\\components\\CategoryCard.jsx","statementMap":{"0":{"start":{"line":13,"column":17},"end":{"line":18,"column":null}},"1":{"start":{"line":24,"column":22},"end":{"line":29,"column":null}},"2":{"start":{"line":35,"column":23},"end":{"line":40,"column":null}},"3":{"start":{"line":46,"column":18},"end":{"line":50,"column":null}},"4":{"start":{"line":59,"column":24},"end":{"line":59,"column":null}},"5":{"start":{"line":60,"column":16},"end":{"line":60,"column":null}},"6":{"start":{"line":61,"column":19},"end":{"line":61,"column":null}},"7":{"start":{"line":62,"column":20},"end":{"line":62,"column":null}},"8":{"start":{"line":64,"column":2},"end":{"line":104,"column":null}},"9":{"start":{"line":108,"column":0},"end":{"line":120,"column":null}}},"fnMap":{"0":{"name":"CategoryCard","decl":{"start":{"line":58,"column":9},"end":{"line":58,"column":22}},"loc":{"start":{"line":58,"column":36},"end":{"line":106,"column":null}},"line":58}},"branchMap":{"0":{"loc":{"start":{"line":61,"column":19},"end":{"line":61,"column":null}},"type":"binary-expr","locations":[{"start":{"line":61,"column":19},"end":{"line":61,"column":52}},{"start":{"line":61,"column":52},"end":{"line":61,"column":null}}],"line":61},"1":{"loc":{"start":{"line":62,"column":20},"end":{"line":62,"column":null}},"type":"binary-expr","locations":[{"start":{"line":62,"column":20},"end":{"line":62,"column":54}},{"start":{"line":62,"column":54},"end":{"line":62,"column":null}}],"line":62},"2":{"loc":{"start":{"line":69,"column":11},"end":{"line":72,"column":11}},"type":"binary-expr","locations":[{"start":{"line":69,"column":11},"end":{"line":69,"column":null}},{"start":{"line":70,"column":12},"end":{"line":72,"column":11}}],"line":69}},"s":{"0":1,"1":1,"2":1,"3":1,"4":6,"5":6,"6":6,"7":6,"8":6,"9":1},"f":{"0":6},"b":{"0":[6,0],"1":[6,0],"2":[6,6]},"meta":{"lastBranch":3,"lastFunction":1,"lastStatement":10,"seen":{"s:13:17:18:Infinity":0,"s:24:22:29:Infinity":1,"s:35:23:40:Infinity":2,"s:46:18:50:Infinity":3,"f:58:9:58:22":0,"s:59:24:59:Infinity":4,"s:60:16:60:Infinity":5,"s:61:19:61:Infinity":6,"b:61:19:61:52:61:52:61:Infinity":0,"s:62:20:62:Infinity":7,"b:62:20:62:54:62:54:62:Infinity":1,"s:64:2:104:Infinity":8,"b:69:11:69:Infinity:70:12:72:11":2,"s:108:0:120:Infinity":9}}}
,"C:\\Promptwars\\carbonsaathi\\src\\components\\ChatBubble.jsx": {"path":"C:\\Promptwars\\carbonsaathi\\src\\components\\ChatBubble.jsx","statementMap":{"0":{"start":{"line":18,"column":2},"end":{"line":31,"column":null}},"1":{"start":{"line":19,"column":4},"end":{"line":29,"column":null}},"2":{"start":{"line":33,"column":2},"end":{"line":54,"column":null}},"3":{"start":{"line":58,"column":0},"end":{"line":65,"column":null}}},"fnMap":{"0":{"name":"ChatBubble","decl":{"start":{"line":17,"column":9},"end":{"line":17,"column":20}},"loc":{"start":{"line":17,"column":50},"end":{"line":56,"column":null}},"line":17}},"branchMap":{"0":{"loc":{"start":{"line":18,"column":2},"end":{"line":31,"column":null}},"type":"if","locations":[{"start":{"line":18,"column":2},"end":{"line":31,"column":null}},{"start":{},"end":{}}],"line":18}},"s":{"0":4,"1":2,"2":2,"3":1},"f":{"0":4},"b":{"0":[2,2]},"meta":{"lastBranch":1,"lastFunction":1,"lastStatement":4,"seen":{"f:17:9:17:20":0,"b:18:2:31:Infinity:undefined:undefined:undefined:undefined":0,"s:18:2:31:Infinity":0,"s:19:4:29:Infinity":1,"s:33:2:54:Infinity":2,"s:58:0:65:Infinity":3}}}
,"C:\\Promptwars\\carbonsaathi\\src\\components\\ErrorBoundary.jsx": {"path":"C:\\Promptwars\\carbonsaathi\\src\\components\\ErrorBoundary.jsx","statementMap":{"0":{"start":{"line":23,"column":4},"end":{"line":23,"column":null}},"1":{"start":{"line":24,"column":4},"end":{"line":24,"column":null}},"2":{"start":{"line":32,"column":4},"end":{"line":32,"column":null}},"3":{"start":{"line":42,"column":4},"end":{"line":42,"column":null}},"4":{"start":{"line":43,"column":4},"end":{"line":43,"column":null}},"5":{"start":{"line":51,"column":4},"end":{"line":53,"column":null}},"6":{"start":{"line":52,"column":6},"end":{"line":52,"column":null}},"7":{"start":{"line":55,"column":4},"end":{"line":76,"column":null}},"8":{"start":{"line":84,"column":0},"end":{"line":86,"column":null}},"9":{"start":{"line":85,"column":2},"end":{"line":85,"column":null}},"10":{"start":{"line":88,"column":0},"end":{"line":91,"column":null}}},"fnMap":{"0":{"name":"constructor","decl":{"start":{"line":22,"column":2},"end":{"line":22,"column":14}},"loc":{"start":{"line":22,"column":21},"end":{"line":25,"column":null}},"line":22},"1":{"name":"getDerivedStateFromError","decl":{"start":{"line":31,"column":9},"end":{"line":31,"column":36}},"loc":{"start":{"line":31,"column":36},"end":{"line":33,"column":null}},"line":31},"2":{"name":"componentDidCatch","decl":{"start":{"line":40,"column":2},"end":{"line":40,"column":20}},"loc":{"start":{"line":40,"column":33},"end":{"line":44,"column":null}},"line":40},"3":{"name":"render","decl":{"start":{"line":50,"column":2},"end":{"line":50,"column":11}},"loc":{"start":{"line":50,"column":11},"end":{"line":78,"column":null}},"line":50},"4":{"name":"(anonymous_4)","decl":{"start":{"line":84,"column":14},"end":{"line":84,"column":36}},"loc":{"start":{"line":84,"column":36},"end":{"line":86,"column":null}},"line":84}},"branchMap":{"0":{"loc":{"start":{"line":51,"column":4},"end":{"line":53,"column":null}},"type":"if","locations":[{"start":{"line":51,"column":4},"end":{"line":53,"column":null}},{"start":{},"end":{}}],"line":51}},"s":{"0":0,"1":0,"2":0,"3":0,"4":0,"5":0,"6":0,"7":0,"8":0,"9":0,"10":0},"f":{"0":0,"1":0,"2":0,"3":0,"4":0},"b":{"0":[0,0]},"meta":{"lastBranch":1,"lastFunction":5,"lastStatement":11,"seen":{"f:22:2:22:14":0,"s:23:4:23:Infinity":0,"s:24:4:24:Infinity":1,"f:31:9:31:36":1,"s:32:4:32:Infinity":2,"f:40:2:40:20":2,"s:42:4:42:Infinity":3,"s:43:4:43:Infinity":4,"f:50:2:50:11":3,"b:51:4:53:Infinity:undefined:undefined:undefined:undefined":0,"s:51:4:53:Infinity":5,"s:52:6:52:Infinity":6,"s:55:4:76:Infinity":7,"s:84:0:86:Infinity":8,"f:84:14:84:36":4,"s:85:2:85:Infinity":9,"s:88:0:91:Infinity":10}}}
,"C:\\Promptwars\\carbonsaathi\\src\\components\\Navbar.jsx": {"path":"C:\\Promptwars\\carbonsaathi\\src\\components\\Navbar.jsx","statementMap":{"0":{"start":{"line":15,"column":18},"end":{"line":19,"column":null}},"1":{"start":{"line":28,"column":15},"end":{"line":28,"column":null}},"2":{"start":{"line":29,"column":2},"end":{"line":31,"column":null}},"3":{"start":{"line":41,"column":15},"end":{"line":41,"column":null}},"4":{"start":{"line":42,"column":2},"end":{"line":44,"column":null}},"5":{"start":{"line":54,"column":17},"end":{"line":54,"column":null}},"6":{"start":{"line":56,"column":8},"end":{"line":58,"column":null}},"7":{"start":{"line":57,"column":4},"end":{"line":57,"column":null}},"8":{"start":{"line":57,"column":24},"end":{"line":57,"column":29}},"9":{"start":{"line":60,"column":8},"end":{"line":62,"column":null}},"10":{"start":{"line":61,"column":4},"end":{"line":61,"column":null}},"11":{"start":{"line":64,"column":2},"end":{"line":135,"column":null}},"12":{"start":{"line":86,"column":12},"end":{"line":93,"column":null}},"13":{"start":{"line":122,"column":12},"end":{"line":131,"column":null}}},"fnMap":{"0":{"name":"getDesktopLinkClass","decl":{"start":{"line":27,"column":9},"end":{"line":27,"column":29}},"loc":{"start":{"line":27,"column":43},"end":{"line":32,"column":null}},"line":27},"1":{"name":"getMobileLinkClass","decl":{"start":{"line":40,"column":9},"end":{"line":40,"column":28}},"loc":{"start":{"line":40,"column":42},"end":{"line":45,"column":null}},"line":40},"2":{"name":"Navbar","decl":{"start":{"line":53,"column":9},"end":{"line":53,"column":18}},"loc":{"start":{"line":53,"column":18},"end":{"line":137,"column":null}},"line":53},"3":{"name":"(anonymous_3)","decl":{"start":{"line":56,"column":23},"end":{"line":56,"column":41}},"loc":{"start":{"line":56,"column":41},"end":{"line":58,"column":5}},"line":56},"4":{"name":"(anonymous_4)","decl":{"start":{"line":57,"column":4},"end":{"line":57,"column":15}},"loc":{"start":{"line":57,"column":24},"end":{"line":57,"column":29}},"line":57},"5":{"name":"(anonymous_5)","decl":{"start":{"line":60,"column":26},"end":{"line":60,"column":44}},"loc":{"start":{"line":60,"column":44},"end":{"line":62,"column":5}},"line":60},"6":{"name":"(anonymous_6)","decl":{"start":{"line":85,"column":21},"end":{"line":85,"column":26}},"loc":{"start":{"line":86,"column":12},"end":{"line":93,"column":null}},"line":86},"7":{"name":"(anonymous_7)","decl":{"start":{"line":121,"column":21},"end":{"line":121,"column":26}},"loc":{"start":{"line":122,"column":12},"end":{"line":131,"column":null}},"line":122}},"branchMap":{"0":{"loc":{"start":{"line":29,"column":9},"end":{"line":31,"column":null}},"type":"cond-expr","locations":[{"start":{"line":30,"column":6},"end":{"line":30,"column":null}},{"start":{"line":31,"column":6},"end":{"line":31,"column":null}}],"line":29},"1":{"loc":{"start":{"line":42,"column":9},"end":{"line":44,"column":null}},"type":"cond-expr","locations":[{"start":{"line":43,"column":6},"end":{"line":43,"column":null}},{"start":{"line":44,"column":6},"end":{"line":44,"column":null}}],"line":42},"2":{"loc":{"start":{"line":106,"column":11},"end":{"line":109,"column":null}},"type":"cond-expr","locations":[{"start":{"line":107,"column":12},"end":{"line":109,"column":13}},{"start":{"line":109,"column":12},"end":{"line":109,"column":null}}],"line":106},"3":{"loc":{"start":{"line":115,"column":7},"end":{"line":135,"column":null}},"type":"binary-expr","locations":[{"start":{"line":115,"column":7},"end":{"line":115,"column":null}},{"start":{"line":116,"column":8},"end":{"line":135,"column":null}}],"line":115}},"s":{"0":0,"1":0,"2":0,"3":0,"4":0,"5":0,"6":0,"7":0,"8":0,"9":0,"10":0,"11":0,"12":0,"13":0},"f":{"0":0,"1":0,"2":0,"3":0,"4":0,"5":0,"6":0,"7":0},"b":{"0":[0,0],"1":[0,0],"2":[0,0],"3":[0,0]},"meta":{"lastBranch":4,"lastFunction":8,"lastStatement":14,"seen":{"s:15:18:19:Infinity":0,"f:27:9:27:29":0,"s:28:15:28:Infinity":1,"s:29:2:31:Infinity":2,"b:30:6:30:Infinity:31:6:31:Infinity":0,"f:40:9:40:28":1,"s:41:15:41:Infinity":3,"s:42:2:44:Infinity":4,"b:43:6:43:Infinity:44:6:44:Infinity":1,"f:53:9:53:18":2,"s:54:17:54:Infinity":5,"s:56:8:58:Infinity":6,"f:56:23:56:41":3,"s:57:4:57:Infinity":7,"f:57:4:57:15":4,"s:57:24:57:29":8,"s:60:8:62:Infinity":9,"f:60:26:60:44":5,"s:61:4:61:Infinity":10,"s:64:2:135:Infinity":11,"f:85:21:85:26":6,"s:86:12:93:Infinity":12,"b:107:12:109:13:109:12:109:Infinity":2,"b:115:7:115:Infinity:116:8:135:Infinity":3,"f:121:21:121:26":7,"s:122:12:131:Infinity":13}}}
,"C:\\Promptwars\\carbonsaathi\\src\\components\\ScoreRing.jsx": {"path":"C:\\Promptwars\\carbonsaathi\\src\\components\\ScoreRing.jsx","statementMap":{"0":{"start":{"line":17,"column":17},"end":{"line":17,"column":null}},"1":{"start":{"line":18,"column":17},"end":{"line":18,"column":null}},"2":{"start":{"line":19,"column":24},"end":{"line":19,"column":null}},"3":{"start":{"line":20,"column":17},"end":{"line":20,"column":null}},"4":{"start":{"line":22,"column":19},"end":{"line":22,"column":null}},"5":{"start":{"line":23,"column":19},"end":{"line":23,"column":null}},"6":{"start":{"line":24,"column":20},"end":{"line":24,"column":null}},"7":{"start":{"line":25,"column":21},"end":{"line":25,"column":null}},"8":{"start":{"line":27,"column":2},"end":{"line":92,"column":null}},"9":{"start":{"line":96,"column":0},"end":{"line":103,"column":null}}},"fnMap":{"0":{"name":"ScoreRing","decl":{"start":{"line":16,"column":9},"end":{"line":16,"column":19}},"loc":{"start":{"line":16,"column":56},"end":{"line":94,"column":null}},"line":16}},"branchMap":{"0":{"loc":{"start":{"line":16,"column":28},"end":{"line":16,"column":39}},"type":"default-arg","locations":[{"start":{"line":16,"column":35},"end":{"line":16,"column":39}}],"line":16},"1":{"loc":{"start":{"line":16,"column":39},"end":{"line":16,"column":56}},"type":"default-arg","locations":[{"start":{"line":16,"column":47},"end":{"line":16,"column":56}}],"line":16},"2":{"loc":{"start":{"line":22,"column":19},"end":{"line":22,"column":null}},"type":"cond-expr","locations":[{"start":{"line":22,"column":27},"end":{"line":22,"column":53}},{"start":{"line":22,"column":53},"end":{"line":22,"column":null}}],"line":22},"3":{"loc":{"start":{"line":23,"column":19},"end":{"line":23,"column":null}},"type":"cond-expr","locations":[{"start":{"line":23,"column":27},"end":{"line":23,"column":37}},{"start":{"line":23,"column":37},"end":{"line":23,"column":null}}],"line":23},"4":{"loc":{"start":{"line":24,"column":20},"end":{"line":24,"column":null}},"type":"cond-expr","locations":[{"start":{"line":24,"column":28},"end":{"line":24,"column":43}},{"start":{"line":24,"column":43},"end":{"line":24,"column":null}}],"line":24},"5":{"loc":{"start":{"line":25,"column":21},"end":{"line":25,"column":null}},"type":"cond-expr","locations":[{"start":{"line":25,"column":29},"end":{"line":25,"column":47}},{"start":{"line":25,"column":47},"end":{"line":25,"column":null}}],"line":25},"6":{"loc":{"start":{"line":35,"column":7},"end":{"line":41,"column":null}},"type":"binary-expr","locations":[{"start":{"line":35,"column":7},"end":{"line":35,"column":null}},{"start":{"line":36,"column":8},"end":{"line":41,"column":null}}],"line":35}},"s":{"0":0,"1":0,"2":0,"3":0,"4":0,"5":0,"6":0,"7":0,"8":0,"9":0},"f":{"0":0},"b":{"0":[0],"1":[0],"2":[0,0],"3":[0,0],"4":[0,0],"5":[0,0],"6":[0,0]},"meta":{"lastBranch":7,"lastFunction":1,"lastStatement":10,"seen":{"f:16:9:16:19":0,"b:16:35:16:39":0,"b:16:47:16:56":1,"s:17:17:17:Infinity":0,"s:18:17:18:Infinity":1,"s:19:24:19:Infinity":2,"s:20:17:20:Infinity":3,"s:22:19:22:Infinity":4,"b:22:27:22:53:22:53:22:Infinity":2,"s:23:19:23:Infinity":5,"b:23:27:23:37:23:37:23:Infinity":3,"s:24:20:24:Infinity":6,"b:24:28:24:43:24:43:24:Infinity":4,"s:25:21:25:Infinity":7,"b:25:29:25:47:25:47:25:Infinity":5,"s:27:2:92:Infinity":8,"b:35:7:35:Infinity:36:8:41:Infinity":6,"s:96:0:103:Infinity":9}}}
,"C:\\Promptwars\\carbonsaathi\\src\\components\\StatusBadge.jsx": {"path":"C:\\Promptwars\\carbonsaathi\\src\\components\\StatusBadge.jsx","statementMap":{"0":{"start":{"line":12,"column":24},"end":{"line":19,"column":null}},"1":{"start":{"line":29,"column":23},"end":{"line":29,"column":null}},"2":{"start":{"line":31,"column":2},"end":{"line":36,"column":null}},"3":{"start":{"line":40,"column":0},"end":{"line":46,"column":null}}},"fnMap":{"0":{"name":"StatusBadge","decl":{"start":{"line":28,"column":9},"end":{"line":28,"column":21}},"loc":{"start":{"line":28,"column":41},"end":{"line":38,"column":null}},"line":28}},"branchMap":{"0":{"loc":{"start":{"line":29,"column":23},"end":{"line":29,"column":null}},"type":"binary-expr","locations":[{"start":{"line":29,"column":23},"end":{"line":29,"column":51}},{"start":{"line":29,"column":51},"end":{"line":29,"column":null}}],"line":29}},"s":{"0":1,"1":7,"2":7,"3":1},"f":{"0":7},"b":{"0":[7,0]},"meta":{"lastBranch":1,"lastFunction":1,"lastStatement":4,"seen":{"s:12:24:19:Infinity":0,"f:28:9:28:21":0,"s:29:23:29:Infinity":1,"b:29:23:29:51:29:51:29:Infinity":0,"s:31:2:36:Infinity":2,"s:40:0:46:Infinity":3}}}
,"C:\\Promptwars\\carbonsaathi\\src\\components\\Stepper.jsx": {"path":"C:\\Promptwars\\carbonsaathi\\src\\components\\Stepper.jsx","statementMap":{"0":{"start":{"line":30,"column":8},"end":{"line":32,"column":null}},"1":{"start":{"line":31,"column":4},"end":{"line":31,"column":null}},"2":{"start":{"line":37,"column":8},"end":{"line":39,"column":null}},"3":{"start":{"line":38,"column":4},"end":{"line":38,"column":null}},"4":{"start":{"line":46,"column":8},"end":{"line":53,"column":null}},"5":{"start":{"line":48,"column":18},"end":{"line":48,"column":null}},"6":{"start":{"line":49,"column":21},"end":{"line":49,"column":null}},"7":{"start":{"line":50,"column":6},"end":{"line":50,"column":null}},"8":{"start":{"line":55,"column":2},"end":{"line":83,"column":null}},"9":{"start":{"line":87,"column":0},"end":{"line":102,"column":null}}},"fnMap":{"0":{"name":"Stepper","decl":{"start":{"line":26,"column":16},"end":{"line":26,"column":24}},"loc":{"start":{"line":26,"column":83},"end":{"line":85,"column":null}},"line":26},"1":{"name":"(anonymous_1)","decl":{"start":{"line":30,"column":26},"end":{"line":30,"column":44}},"loc":{"start":{"line":30,"column":44},"end":{"line":32,"column":5}},"line":30},"2":{"name":"(anonymous_2)","decl":{"start":{"line":37,"column":26},"end":{"line":37,"column":44}},"loc":{"start":{"line":37,"column":44},"end":{"line":39,"column":5}},"line":37},"3":{"name":"(anonymous_3)","decl":{"start":{"line":46,"column":28},"end":{"line":46,"column":null}},"loc":{"start":{"line":47,"column":11},"end":{"line":51,"column":null}},"line":47}},"branchMap":{"0":{"loc":{"start":{"line":26,"column":53},"end":{"line":26,"column":63}},"type":"default-arg","locations":[{"start":{"line":26,"column":60},"end":{"line":26,"column":63}}],"line":26},"1":{"loc":{"start":{"line":26,"column":70},"end":{"line":26,"column":83}},"type":"default-arg","locations":[{"start":{"line":26,"column":77},"end":{"line":26,"column":83}}],"line":26},"2":{"loc":{"start":{"line":50,"column":15},"end":{"line":50,"column":65}},"type":"cond-expr","locations":[{"start":{"line":50,"column":31},"end":{"line":50,"column":37}},{"start":{"line":50,"column":31},"end":{"line":50,"column":65}}],"line":50},"3":{"loc":{"start":{"line":82,"column":7},"end":{"line":82,"column":null}},"type":"binary-expr","locations":[{"start":{"line":82,"column":7},"end":{"line":82,"column":15}},{"start":{"line":82,"column":15},"end":{"line":82,"column":null}}],"line":82}},"s":{"0":7,"1":2,"2":7,"3":2,"4":7,"5":1,"6":1,"7":1,"8":7,"9":1},"f":{"0":7,"1":2,"2":2,"3":1},"b":{"0":[7],"1":[7],"2":[1,0],"3":[7,1]},"meta":{"lastBranch":4,"lastFunction":4,"lastStatement":10,"seen":{"f:26:16:26:24":0,"b:26:60:26:63":0,"b:26:77:26:83":1,"s:30:8:32:Infinity":0,"f:30:26:30:44":1,"s:31:4:31:Infinity":1,"s:37:8:39:Infinity":2,"f:37:26:37:44":2,"s:38:4:38:Infinity":3,"s:46:8:53:Infinity":4,"f:46:28:46:Infinity":3,"s:48:18:48:Infinity":5,"s:49:21:49:Infinity":6,"s:50:6:50:Infinity":7,"b:50:31:50:37:50:31:50:65":2,"s:55:2:83:Infinity":8,"b:82:7:82:15:82:15:82:Infinity":3,"s:87:0:102:Infinity":9}}}
,"C:\\Promptwars\\carbonsaathi\\src\\components\\TipCard.jsx": {"path":"C:\\Promptwars\\carbonsaathi\\src\\components\\TipCard.jsx","statementMap":{"0":{"start":{"line":14,"column":25},"end":{"line":18,"column":null}},"1":{"start":{"line":24,"column":22},"end":{"line":28,"column":null}},"2":{"start":{"line":38,"column":22},"end":{"line":38,"column":null}},"3":{"start":{"line":39,"column":19},"end":{"line":39,"column":null}},"4":{"start":{"line":44,"column":8},"end":{"line":46,"column":null}},"5":{"start":{"line":45,"column":4},"end":{"line":45,"column":null}},"6":{"start":{"line":48,"column":2},"end":{"line":83,"column":null}},"7":{"start":{"line":87,"column":0},"end":{"line":98,"column":null}}},"fnMap":{"0":{"name":"TipCard","decl":{"start":{"line":37,"column":9},"end":{"line":37,"column":17}},"loc":{"start":{"line":37,"column":38},"end":{"line":85,"column":null}},"line":37},"1":{"name":"(anonymous_1)","decl":{"start":{"line":44,"column":25},"end":{"line":44,"column":43}},"loc":{"start":{"line":44,"column":43},"end":{"line":46,"column":5}},"line":44}},"branchMap":{"0":{"loc":{"start":{"line":38,"column":22},"end":{"line":38,"column":null}},"type":"binary-expr","locations":[{"start":{"line":38,"column":22},"end":{"line":38,"column":53}},{"start":{"line":38,"column":53},"end":{"line":38,"column":null}}],"line":38},"1":{"loc":{"start":{"line":39,"column":19},"end":{"line":39,"column":null}},"type":"binary-expr","locations":[{"start":{"line":39,"column":19},"end":{"line":39,"column":47}},{"start":{"line":39,"column":47},"end":{"line":39,"column":null}}],"line":39},"2":{"loc":{"start":{"line":72,"column":10},"end":{"line":74,"column":null}},"type":"cond-expr","locations":[{"start":{"line":73,"column":14},"end":{"line":73,"column":null}},{"start":{"line":74,"column":14},"end":{"line":74,"column":null}}],"line":72},"3":{"loc":{"start":{"line":77,"column":9},"end":{"line":80,"column":null}},"type":"cond-expr","locations":[{"start":{"line":78,"column":10},"end":{"line":80,"column":11}},{"start":{"line":80,"column":10},"end":{"line":80,"column":null}}],"line":77}},"s":{"0":0,"1":0,"2":0,"3":0,"4":0,"5":0,"6":0,"7":0},"f":{"0":0,"1":0},"b":{"0":[0,0],"1":[0,0],"2":[0,0],"3":[0,0]},"meta":{"lastBranch":4,"lastFunction":2,"lastStatement":8,"seen":{"s:14:25:18:Infinity":0,"s:24:22:28:Infinity":1,"f:37:9:37:17":0,"s:38:22:38:Infinity":2,"b:38:22:38:53:38:53:38:Infinity":0,"s:39:19:39:Infinity":3,"b:39:19:39:47:39:47:39:Infinity":1,"s:44:8:46:Infinity":4,"f:44:25:44:43":1,"s:45:4:45:Infinity":5,"s:48:2:83:Infinity":6,"b:73:14:73:Infinity:74:14:74:Infinity":2,"b:78:10:80:11:80:10:80:Infinity":3,"s:87:0:98:Infinity":7}}}
,"C:\\Promptwars\\carbonsaathi\\src\\components\\ToggleGroup.jsx": {"path":"C:\\Promptwars\\carbonsaathi\\src\\components\\ToggleGroup.jsx","statementMap":{"0":{"start":{"line":17,"column":22},"end":{"line":21,"column":null}},"1":{"start":{"line":27,"column":24},"end":{"line":31,"column":null}},"2":{"start":{"line":34,"column":19},"end":{"line":34,"column":null}},"3":{"start":{"line":54,"column":8},"end":{"line":68,"column":null}},"4":{"start":{"line":56,"column":19},"end":{"line":56,"column":null}},"5":{"start":{"line":57,"column":6},"end":{"line":57,"column":null}},"6":{"start":{"line":57,"column":33},"end":{"line":57,"column":null}},"7":{"start":{"line":58,"column":6},"end":{"line":58,"column":null}},"8":{"start":{"line":60,"column":22},"end":{"line":60,"column":null}},"9":{"start":{"line":61,"column":24},"end":{"line":63,"column":null}},"10":{"start":{"line":65,"column":6},"end":{"line":65,"column":null}},"11":{"start":{"line":70,"column":2},"end":{"line":93,"column":null}},"12":{"start":{"line":73,"column":25},"end":{"line":73,"column":null}},"13":{"start":{"line":74,"column":27},"end":{"line":76,"column":null}},"14":{"start":{"line":78,"column":8},"end":{"line":90,"column":null}},"15":{"start":{"line":85,"column":27},"end":{"line":85,"column":null}},"16":{"start":{"line":86,"column":30},"end":{"line":86,"column":null}},"17":{"start":{"line":97,"column":0},"end":{"line":113,"column":null}}},"fnMap":{"0":{"name":"ToggleGroup","decl":{"start":{"line":47,"column":16},"end":{"line":47,"column":28}},"loc":{"start":{"line":47,"column":85},"end":{"line":95,"column":null}},"line":47},"1":{"name":"(anonymous_1)","decl":{"start":{"line":54,"column":24},"end":{"line":54,"column":null}},"loc":{"start":{"line":55,"column":18},"end":{"line":66,"column":null}},"line":55},"2":{"name":"(anonymous_2)","decl":{"start":{"line":72,"column":15},"end":{"line":72,"column":20}},"loc":{"start":{"line":72,"column":38},"end":{"line":92,"column":7}},"line":72},"3":{"name":"(anonymous_3)","decl":{"start":{"line":85,"column":12},"end":{"line":85,"column":27}},"loc":{"start":{"line":85,"column":27},"end":{"line":85,"column":null}},"line":85},"4":{"name":"(anonymous_4)","decl":{"start":{"line":86,"column":12},"end":{"line":86,"column":24}},"loc":{"start":{"line":86,"column":30},"end":{"line":86,"column":null}},"line":86}},"branchMap":{"0":{"loc":{"start":{"line":57,"column":6},"end":{"line":57,"column":null}},"type":"if","locations":[{"start":{"line":57,"column":6},"end":{"line":57,"column":null}},{"start":{},"end":{}}],"line":57},"1":{"loc":{"start":{"line":60,"column":22},"end":{"line":60,"column":null}},"type":"binary-expr","locations":[{"start":{"line":60,"column":22},"end":{"line":60,"column":48}},{"start":{"line":60,"column":48},"end":{"line":60,"column":null}}],"line":60},"2":{"loc":{"start":{"line":61,"column":24},"end":{"line":63,"column":null}},"type":"cond-expr","locations":[{"start":{"line":61,"column":24},"end":{"line":62,"column":null}},{"start":{"line":62,"column":32},"end":{"line":63,"column":null}}],"line":61},"3":{"loc":{"start":{"line":74,"column":27},"end":{"line":76,"column":null}},"type":"cond-expr","locations":[{"start":{"line":75,"column":12},"end":{"line":75,"column":null}},{"start":{"line":76,"column":12},"end":{"line":76,"column":null}}],"line":74},"4":{"loc":{"start":{"line":84,"column":22},"end":{"line":84,"column":null}},"type":"cond-expr","locations":[{"start":{"line":84,"column":33},"end":{"line":84,"column":37}},{"start":{"line":84,"column":37},"end":{"line":84,"column":null}}],"line":84}},"s":{"0":1,"1":1,"2":1,"3":5,"4":1,"5":1,"6":0,"7":1,"8":1,"9":1,"10":1,"11":5,"12":15,"13":15,"14":15,"15":1,"16":1,"17":1},"f":{"0":5,"1":1,"2":15,"3":1,"4":1},"b":{"0":[0,1],"1":[1,0],"2":[1,0],"3":[5,10],"4":[5,10]},"meta":{"lastBranch":5,"lastFunction":5,"lastStatement":18,"seen":{"s:17:22:21:Infinity":0,"s:27:24:31:Infinity":1,"s:34:19:34:Infinity":2,"f:47:16:47:28":0,"s:54:8:68:Infinity":3,"f:54:24:54:Infinity":1,"s:56:19:56:Infinity":4,"b:57:6:57:Infinity:undefined:undefined:undefined:undefined":0,"s:57:6:57:Infinity":5,"s:57:33:57:Infinity":6,"s:58:6:58:Infinity":7,"s:60:22:60:Infinity":8,"b:60:22:60:48:60:48:60:Infinity":1,"s:61:24:63:Infinity":9,"b:61:24:62:Infinity:62:32:63:Infinity":2,"s:65:6:65:Infinity":10,"s:70:2:93:Infinity":11,"f:72:15:72:20":2,"s:73:25:73:Infinity":12,"s:74:27:76:Infinity":13,"b:75:12:75:Infinity:76:12:76:Infinity":3,"s:78:8:90:Infinity":14,"b:84:33:84:37:84:37:84:Infinity":4,"f:85:12:85:27":3,"s:85:27:85:Infinity":15,"f:86:12:86:24":4,"s:86:30:86:Infinity":16,"s:97:0:113:Infinity":17}}}
,"C:\\Promptwars\\carbonsaathi\\src\\components\\WeeklyChart.jsx": {"path":"C:\\Promptwars\\carbonsaathi\\src\\components\\WeeklyChart.jsx","statementMap":{"0":{"start":{"line":17,"column":8},"end":{"line":17,"column":null}},"1":{"start":{"line":17,"column":31},"end":{"line":17,"column":70}},"2":{"start":{"line":17,"column":59},"end":{"line":17,"column":66}},"3":{"start":{"line":19,"column":2},"end":{"line":70,"column":null}},"4":{"start":{"line":32,"column":34},"end":{"line":32,"column":null}},"5":{"start":{"line":34,"column":12},"end":{"line":65,"column":null}},"6":{"start":{"line":74,"column":0},"end":{"line":83,"column":null}}},"fnMap":{"0":{"name":"WeeklyChart","decl":{"start":{"line":16,"column":9},"end":{"line":16,"column":21}},"loc":{"start":{"line":16,"column":31},"end":{"line":72,"column":null}},"line":16},"1":{"name":"(anonymous_1)","decl":{"start":{"line":17,"column":17},"end":{"line":17,"column":31}},"loc":{"start":{"line":17,"column":31},"end":{"line":17,"column":70}},"line":17},"2":{"name":"(anonymous_2)","decl":{"start":{"line":17,"column":48},"end":{"line":17,"column":53}},"loc":{"start":{"line":17,"column":59},"end":{"line":17,"column":66}},"line":17},"3":{"name":"(anonymous_3)","decl":{"start":{"line":31,"column":16},"end":{"line":31,"column":21}},"loc":{"start":{"line":31,"column":30},"end":{"line":67,"column":11}},"line":31}},"branchMap":{"0":{"loc":{"start":{"line":32,"column":34},"end":{"line":32,"column":null}},"type":"cond-expr","locations":[{"start":{"line":32,"column":48},"end":{"line":32,"column":77}},{"start":{"line":32,"column":77},"end":{"line":32,"column":null}}],"line":32},"1":{"loc":{"start":{"line":38,"column":19},"end":{"line":41,"column":null}},"type":"binary-expr","locations":[{"start":{"line":38,"column":19},"end":{"line":38,"column":null}},{"start":{"line":39,"column":20},"end":{"line":41,"column":null}}],"line":38},"2":{"loc":{"start":{"line":48,"column":20},"end":{"line":48,"column":null}},"type":"cond-expr","locations":[{"start":{"line":48,"column":35},"end":{"line":48,"column":50}},{"start":{"line":48,"column":50},"end":{"line":48,"column":null}}],"line":48},"3":{"loc":{"start":{"line":60,"column":20},"end":{"line":60,"column":null}},"type":"cond-expr","locations":[{"start":{"line":60,"column":35},"end":{"line":60,"column":64}},{"start":{"line":60,"column":64},"end":{"line":60,"column":null}}],"line":60}},"s":{"0":0,"1":0,"2":0,"3":0,"4":0,"5":0,"6":0},"f":{"0":0,"1":0,"2":0,"3":0},"b":{"0":[0,0],"1":[0,0],"2":[0,0],"3":[0,0]},"meta":{"lastBranch":4,"lastFunction":4,"lastStatement":7,"seen":{"f:16:9:16:21":0,"s:17:8:17:Infinity":0,"f:17:17:17:31":1,"s:17:31:17:70":1,"f:17:48:17:53":2,"s:17:59:17:66":2,"s:19:2:70:Infinity":3,"f:31:16:31:21":3,"s:32:34:32:Infinity":4,"b:32:48:32:77:32:77:32:Infinity":0,"s:34:12:65:Infinity":5,"b:38:19:38:Infinity:39:20:41:Infinity":1,"b:48:35:48:50:48:50:48:Infinity":2,"b:60:35:60:64:60:64:60:Infinity":3,"s:74:0:83:Infinity":6}}}
,"C:\\Promptwars\\carbonsaathi\\src\\hooks\\useChat.js": {"path":"C:\\Promptwars\\carbonsaathi\\src\\hooks\\useChat.js","statementMap":{"0":{"start":{"line":18,"column":19},"end":{"line":18,"column":null}},"1":{"start":{"line":18,"column":49},"end":{"line":18,"column":66}},"2":{"start":{"line":19,"column":16},"end":{"line":19,"column":null}},"3":{"start":{"line":20,"column":19},"end":{"line":20,"column":null}},"4":{"start":{"line":21,"column":16},"end":{"line":21,"column":null}},"5":{"start":{"line":22,"column":21},"end":{"line":22,"column":null}},"6":{"start":{"line":29,"column":8},"end":{"line":89,"column":null}},"7":{"start":{"line":32,"column":12},"end":{"line":32,"column":null}},"8":{"start":{"line":33,"column":6},"end":{"line":33,"column":null}},"9":{"start":{"line":33,"column":17},"end":{"line":33,"column":null}},"10":{"start":{"line":35,"column":6},"end":{"line":35,"column":null}},"11":{"start":{"line":38,"column":22},"end":{"line":46,"column":null}},"12":{"start":{"line":48,"column":6},"end":{"line":48,"column":null}},"13":{"start":{"line":48,"column":28},"end":{"line":48,"column":46}},"14":{"start":{"line":49,"column":6},"end":{"line":49,"column":null}},"15":{"start":{"line":50,"column":6},"end":{"line":50,"column":null}},"16":{"start":{"line":52,"column":6},"end":{"line":56,"column":null}},"17":{"start":{"line":58,"column":6},"end":{"line":86,"column":null}},"18":{"start":{"line":59,"column":22},"end":{"line":59,"column":null}},"19":{"start":{"line":62,"column":22},"end":{"line":70,"column":null}},"20":{"start":{"line":72,"column":8},"end":{"line":72,"column":null}},"21":{"start":{"line":72,"column":30},"end":{"line":72,"column":46}},"22":{"start":{"line":75,"column":8},"end":{"line":79,"column":null}},"23":{"start":{"line":75,"column":32},"end":{"line":79,"column":9}},"24":{"start":{"line":82,"column":8},"end":{"line":82,"column":null}},"25":{"start":{"line":83,"column":8},"end":{"line":83,"column":null}},"26":{"start":{"line":85,"column":8},"end":{"line":85,"column":null}},"27":{"start":{"line":96,"column":8},"end":{"line":104,"column":null}},"28":{"start":{"line":98,"column":6},"end":{"line":101,"column":null}},"29":{"start":{"line":99,"column":8},"end":{"line":99,"column":null}},"30":{"start":{"line":100,"column":8},"end":{"line":100,"column":null}},"31":{"start":{"line":106,"column":2},"end":{"line":114,"column":null}}},"fnMap":{"0":{"name":"useChat","decl":{"start":{"line":17,"column":16},"end":{"line":17,"column":24}},"loc":{"start":{"line":17,"column":38},"end":{"line":115,"column":null}},"line":17},"1":{"name":"(anonymous_1)","decl":{"start":{"line":18,"column":34},"end":{"line":18,"column":49}},"loc":{"start":{"line":18,"column":49},"end":{"line":18,"column":66}},"line":18},"2":{"name":"(anonymous_2)","decl":{"start":{"line":30,"column":4},"end":{"line":30,"column":11}},"loc":{"start":{"line":30,"column":28},"end":{"line":87,"column":null}},"line":30},"3":{"name":"(anonymous_3)","decl":{"start":{"line":48,"column":6},"end":{"line":48,"column":19}},"loc":{"start":{"line":48,"column":28},"end":{"line":48,"column":46}},"line":48},"4":{"name":"(anonymous_4)","decl":{"start":{"line":72,"column":8},"end":{"line":72,"column":21}},"loc":{"start":{"line":72,"column":30},"end":{"line":72,"column":46}},"line":72},"5":{"name":"(anonymous_5)","decl":{"start":{"line":75,"column":8},"end":{"line":75,"column":23}},"loc":{"start":{"line":75,"column":32},"end":{"line":79,"column":9}},"line":75},"6":{"name":"(anonymous_6)","decl":{"start":{"line":96,"column":24},"end":{"line":96,"column":null}},"loc":{"start":{"line":97,"column":11},"end":{"line":102,"column":null}},"line":97}},"branchMap":{"0":{"loc":{"start":{"line":32,"column":20},"end":{"line":32,"column":77}},"type":"cond-expr","locations":[{"start":{"line":32,"column":55},"end":{"line":32,"column":70}},{"start":{"line":32,"column":70},"end":{"line":32,"column":77}}],"line":32},"1":{"loc":{"start":{"line":33,"column":6},"end":{"line":33,"column":null}},"type":"if","locations":[{"start":{"line":33,"column":6},"end":{"line":33,"column":null}},{"start":{},"end":{}}],"line":33},"2":{"loc":{"start":{"line":54,"column":8},"end":{"line":54,"column":null}},"type":"cond-expr","locations":[{"start":{"line":54,"column":43},"end":{"line":54,"column":62}},{"start":{"line":54,"column":62},"end":{"line":54,"column":null}}],"line":54},"3":{"loc":{"start":{"line":55,"column":8},"end":{"line":55,"column":null}},"type":"cond-expr","locations":[{"start":{"line":55,"column":43},"end":{"line":55,"column":58}},{"start":{"line":55,"column":58},"end":{"line":55,"column":null}}],"line":55},"4":{"loc":{"start":{"line":98,"column":6},"end":{"line":101,"column":null}},"type":"if","locations":[{"start":{"line":98,"column":6},"end":{"line":101,"column":null}},{"start":{},"end":{}}],"line":98},"5":{"loc":{"start":{"line":98,"column":10},"end":{"line":98,"column":44}},"type":"binary-expr","locations":[{"start":{"line":98,"column":10},"end":{"line":98,"column":31}},{"start":{"line":98,"column":31},"end":{"line":98,"column":44}}],"line":98}},"s":{"0":0,"1":0,"2":0,"3":0,"4":0,"5":0,"6":0,"7":0,"8":0,"9":0,"10":0,"11":0,"12":0,"13":0,"14":0,"15":0,"16":0,"17":0,"18":0,"19":0,"20":0,"21":0,"22":0,"23":0,"24":0,"25":0,"26":0,"27":0,"28":0,"29":0,"30":0,"31":0},"f":{"0":0,"1":0,"2":0,"3":0,"4":0,"5":0,"6":0},"b":{"0":[0,0],"1":[0,0],"2":[0,0],"3":[0,0],"4":[0,0],"5":[0,0]},"meta":{"lastBranch":6,"lastFunction":7,"lastStatement":32,"seen":{"f:17:16:17:24":0,"s:18:19:18:Infinity":0,"f:18:34:18:49":1,"s:18:49:18:66":1,"s:19:16:19:Infinity":2,"s:20:19:20:Infinity":3,"s:21:16:21:Infinity":4,"s:22:21:22:Infinity":5,"s:29:8:89:Infinity":6,"f:30:4:30:11":2,"s:32:12:32:Infinity":7,"b:32:55:32:70:32:70:32:77":0,"b:33:6:33:Infinity:undefined:undefined:undefined:undefined":1,"s:33:6:33:Infinity":8,"s:33:17:33:Infinity":9,"s:35:6:35:Infinity":10,"s:38:22:46:Infinity":11,"s:48:6:48:Infinity":12,"f:48:6:48:19":3,"s:48:28:48:46":13,"s:49:6:49:Infinity":14,"s:50:6:50:Infinity":15,"s:52:6:56:Infinity":16,"b:54:43:54:62:54:62:54:Infinity":2,"b:55:43:55:58:55:58:55:Infinity":3,"s:58:6:86:Infinity":17,"s:59:22:59:Infinity":18,"s:62:22:70:Infinity":19,"s:72:8:72:Infinity":20,"f:72:8:72:21":4,"s:72:30:72:46":21,"s:75:8:79:Infinity":22,"f:75:8:75:23":5,"s:75:32:79:9":23,"s:82:8:82:Infinity":24,"s:83:8:83:Infinity":25,"s:85:8:85:Infinity":26,"s:96:8:104:Infinity":27,"f:96:24:96:Infinity":6,"b:98:6:101:Infinity:undefined:undefined:undefined:undefined":4,"s:98:6:101:Infinity":28,"b:98:10:98:31:98:31:98:44":5,"s:99:8:99:Infinity":29,"s:100:8:100:Infinity":30,"s:106:2:114:Infinity":31}}}
,"C:\\Promptwars\\carbonsaathi\\src\\hooks\\useDashboard.js": {"path":"C:\\Promptwars\\carbonsaathi\\src\\hooks\\useDashboard.js","statementMap":{"0":{"start":{"line":21,"column":16},"end":{"line":21,"column":null}},"1":{"start":{"line":22,"column":2},"end":{"line":25,"column":null}},"2":{"start":{"line":35,"column":2},"end":{"line":35,"column":null}},"3":{"start":{"line":35,"column":11},"end":{"line":35,"column":null}},"4":{"start":{"line":36,"column":2},"end":{"line":36,"column":null}},"5":{"start":{"line":36,"column":39},"end":{"line":36,"column":null}},"6":{"start":{"line":37,"column":2},"end":{"line":37,"column":null}},"7":{"start":{"line":37,"column":26},"end":{"line":37,"column":null}},"8":{"start":{"line":38,"column":2},"end":{"line":38,"column":null}},"9":{"start":{"line":65,"column":8},"end":{"line":65,"column":null}},"10":{"start":{"line":67,"column":20},"end":{"line":67,"column":null}},"11":{"start":{"line":68,"column":18},"end":{"line":68,"column":null}},"12":{"start":{"line":70,"column":2},"end":{"line":90,"column":null}},"13":{"start":{"line":76,"column":6},"end":{"line":76,"column":null}},"14":{"start":{"line":77,"column":6},"end":{"line":86,"column":null}},"15":{"start":{"line":78,"column":21},"end":{"line":78,"column":null}},"16":{"start":{"line":79,"column":8},"end":{"line":79,"column":null}},"17":{"start":{"line":82,"column":8},"end":{"line":82,"column":null}},"18":{"start":{"line":83,"column":8},"end":{"line":83,"column":null}},"19":{"start":{"line":85,"column":8},"end":{"line":85,"column":null}},"20":{"start":{"line":89,"column":4},"end":{"line":89,"column":null}},"21":{"start":{"line":96,"column":8},"end":{"line":100,"column":null}},"22":{"start":{"line":97,"column":4},"end":{"line":97,"column":null}},"23":{"start":{"line":97,"column":25},"end":{"line":97,"column":null}},"24":{"start":{"line":98,"column":18},"end":{"line":98,"column":null}},"25":{"start":{"line":98,"column":40},"end":{"line":98,"column":70}},"26":{"start":{"line":99,"column":4},"end":{"line":99,"column":null}},"27":{"start":{"line":106,"column":8},"end":{"line":142,"column":null}},"28":{"start":{"line":108,"column":17},"end":{"line":117,"column":null}},"29":{"start":{"line":109,"column":16},"end":{"line":109,"column":null}},"30":{"start":{"line":110,"column":6},"end":{"line":110,"column":null}},"31":{"start":{"line":111,"column":6},"end":{"line":116,"column":null}},"32":{"start":{"line":120,"column":19},"end":{"line":120,"column":null}},"33":{"start":{"line":121,"column":4},"end":{"line":121,"column":null}},"34":{"start":{"line":122,"column":4},"end":{"line":122,"column":null}},"35":{"start":{"line":125,"column":4},"end":{"line":138,"column":null}},"36":{"start":{"line":126,"column":22},"end":{"line":126,"column":null}},"37":{"start":{"line":127,"column":6},"end":{"line":127,"column":null}},"38":{"start":{"line":127,"column":28},"end":{"line":127,"column":null}},"39":{"start":{"line":129,"column":23},"end":{"line":131,"column":null}},"40":{"start":{"line":133,"column":19},"end":{"line":133,"column":null}},"41":{"start":{"line":133,"column":36},"end":{"line":133,"column":54}},"42":{"start":{"line":134,"column":6},"end":{"line":137,"column":null}},"43":{"start":{"line":136,"column":8},"end":{"line":136,"column":null}},"44":{"start":{"line":141,"column":4},"end":{"line":141,"column":null}},"45":{"start":{"line":141,"column":54},"end":{"line":141,"column":82}},"46":{"start":{"line":148,"column":8},"end":{"line":157,"column":null}},"47":{"start":{"line":149,"column":16},"end":{"line":149,"column":null}},"48":{"start":{"line":150,"column":4},"end":{"line":156,"column":null}},"49":{"start":{"line":151,"column":16},"end":{"line":151,"column":null}},"50":{"start":{"line":152,"column":6},"end":{"line":154,"column":null}},"51":{"start":{"line":153,"column":8},"end":{"line":153,"column":null}},"52":{"start":{"line":155,"column":6},"end":{"line":155,"column":null}},"53":{"start":{"line":163,"column":8},"end":{"line":166,"column":null}},"54":{"start":{"line":164,"column":10},"end":{"line":164,"column":null}},"55":{"start":{"line":164,"column":45},"end":{"line":164,"column":60}},"56":{"start":{"line":172,"column":8},"end":{"line":220,"column":null}},"57":{"start":{"line":173,"column":4},"end":{"line":180,"column":null}},"58":{"start":{"line":174,"column":6},"end":{"line":179,"column":null}},"59":{"start":{"line":174,"column":41},"end":{"line":179,"column":8}},"60":{"start":{"line":182,"column":18},"end":{"line":182,"column":null}},"61":{"start":{"line":183,"column":23},"end":{"line":212,"column":null}},"62":{"start":{"line":214,"column":4},"end":{"line":219,"column":null}},"63":{"start":{"line":214,"column":36},"end":{"line":219,"column":6}},"64":{"start":{"line":222,"column":22},"end":{"line":222,"column":null}},"65":{"start":{"line":223,"column":21},"end":{"line":223,"column":null}},"66":{"start":{"line":224,"column":8},"end":{"line":224,"column":null}},"67":{"start":{"line":225,"column":8},"end":{"line":225,"column":null}},"68":{"start":{"line":226,"column":8},"end":{"line":226,"column":null}},"69":{"start":{"line":228,"column":2},"end":{"line":242,"column":null}}},"fnMap":{"0":{"name":"isToday","decl":{"start":{"line":20,"column":9},"end":{"line":20,"column":17}},"loc":{"start":{"line":20,"column":23},"end":{"line":27,"column":null}},"line":20},"1":{"name":"toDate","decl":{"start":{"line":34,"column":9},"end":{"line":34,"column":16}},"loc":{"start":{"line":34,"column":20},"end":{"line":39,"column":null}},"line":34},"2":{"name":"useDashboard","decl":{"start":{"line":64,"column":16},"end":{"line":64,"column":31}},"loc":{"start":{"line":64,"column":31},"end":{"line":243,"column":null}},"line":64},"3":{"name":"(anonymous_3)","decl":{"start":{"line":70,"column":2},"end":{"line":70,"column":18}},"loc":{"start":{"line":70,"column":18},"end":{"line":90,"column":5}},"line":70},"4":{"name":"fetchLogs","decl":{"start":{"line":75,"column":19},"end":{"line":75,"column":31}},"loc":{"start":{"line":75,"column":31},"end":{"line":87,"column":null}},"line":75},"5":{"name":"(anonymous_5)","decl":{"start":{"line":96,"column":19},"end":{"line":96,"column":33}},"loc":{"start":{"line":96,"column":33},"end":{"line":100,"column":5}},"line":96},"6":{"name":"(anonymous_6)","decl":{"start":{"line":98,"column":26},"end":{"line":98,"column":32}},"loc":{"start":{"line":98,"column":40},"end":{"line":98,"column":70}},"line":98},"7":{"name":"(anonymous_7)","decl":{"start":{"line":106,"column":26},"end":{"line":106,"column":40}},"loc":{"start":{"line":106,"column":40},"end":{"line":142,"column":5}},"line":106},"8":{"name":"(anonymous_8)","decl":{"start":{"line":108,"column":40},"end":{"line":108,"column":44}},"loc":{"start":{"line":108,"column":53},"end":{"line":117,"column":5}},"line":108},"9":{"name":"(anonymous_9)","decl":{"start":{"line":125,"column":12},"end":{"line":125,"column":21}},"loc":{"start":{"line":125,"column":29},"end":{"line":138,"column":5}},"line":125},"10":{"name":"(anonymous_10)","decl":{"start":{"line":133,"column":24},"end":{"line":133,"column":30}},"loc":{"start":{"line":133,"column":36},"end":{"line":133,"column":54}},"line":133},"11":{"name":"(anonymous_11)","decl":{"start":{"line":141,"column":16},"end":{"line":141,"column":21}},"loc":{"start":{"line":141,"column":54},"end":{"line":141,"column":82}},"line":141},"12":{"name":"(anonymous_12)","decl":{"start":{"line":148,"column":23},"end":{"line":148,"column":37}},"loc":{"start":{"line":148,"column":37},"end":{"line":157,"column":5}},"line":148},"13":{"name":"(anonymous_13)","decl":{"start":{"line":150,"column":19},"end":{"line":150,"column":27}},"loc":{"start":{"line":150,"column":40},"end":{"line":156,"column":7}},"line":150},"14":{"name":"(anonymous_14)","decl":{"start":{"line":163,"column":22},"end":{"line":163,"column":null}},"loc":{"start":{"line":164,"column":10},"end":{"line":164,"column":null}},"line":164},"15":{"name":"(anonymous_15)","decl":{"start":{"line":164,"column":26},"end":{"line":164,"column":34}},"loc":{"start":{"line":164,"column":45},"end":{"line":164,"column":60}},"line":164},"16":{"name":"(anonymous_16)","decl":{"start":{"line":172,"column":28},"end":{"line":172,"column":42}},"loc":{"start":{"line":172,"column":42},"end":{"line":220,"column":5}},"line":172},"17":{"name":"(anonymous_17)","decl":{"start":{"line":174,"column":27},"end":{"line":174,"column":32}},"loc":{"start":{"line":174,"column":41},"end":{"line":179,"column":8}},"line":174},"18":{"name":"(anonymous_18)","decl":{"start":{"line":214,"column":22},"end":{"line":214,"column":27}},"loc":{"start":{"line":214,"column":36},"end":{"line":219,"column":6}},"line":214}},"branchMap":{"0":{"loc":{"start":{"line":23,"column":4},"end":{"line":25,"column":null}},"type":"binary-expr","locations":[{"start":{"line":23,"column":4},"end":{"line":23,"column":null}},{"start":{"line":24,"column":4},"end":{"line":24,"column":null}},{"start":{"line":25,"column":4},"end":{"line":25,"column":null}}],"line":23},"1":{"loc":{"start":{"line":35,"column":2},"end":{"line":35,"column":null}},"type":"if","locations":[{"start":{"line":35,"column":2},"end":{"line":35,"column":null}},{"start":{},"end":{}}],"line":35},"2":{"loc":{"start":{"line":36,"column":2},"end":{"line":36,"column":null}},"type":"if","locations":[{"start":{"line":36,"column":2},"end":{"line":36,"column":null}},{"start":{},"end":{}}],"line":36},"3":{"loc":{"start":{"line":37,"column":2},"end":{"line":37,"column":null}},"type":"if","locations":[{"start":{"line":37,"column":2},"end":{"line":37,"column":null}},{"start":{},"end":{}}],"line":37},"4":{"loc":{"start":{"line":97,"column":4},"end":{"line":97,"column":null}},"type":"if","locations":[{"start":{"line":97,"column":4},"end":{"line":97,"column":null}},{"start":{},"end":{}}],"line":97},"5":{"loc":{"start":{"line":99,"column":11},"end":{"line":99,"column":null}},"type":"binary-expr","locations":[{"start":{"line":99,"column":11},"end":{"line":99,"column":20}},{"start":{"line":99,"column":20},"end":{"line":99,"column":null}}],"line":99},"6":{"loc":{"start":{"line":127,"column":6},"end":{"line":127,"column":null}},"type":"if","locations":[{"start":{"line":127,"column":6},"end":{"line":127,"column":null}},{"start":{},"end":{}}],"line":127},"7":{"loc":{"start":{"line":134,"column":6},"end":{"line":137,"column":null}},"type":"if","locations":[{"start":{"line":134,"column":6},"end":{"line":137,"column":null}},{"start":{},"end":{}}],"line":134},"8":{"loc":{"start":{"line":136,"column":47},"end":{"line":136,"column":66}},"type":"binary-expr","locations":[{"start":{"line":136,"column":47},"end":{"line":136,"column":60}},{"start":{"line":136,"column":60},"end":{"line":136,"column":66}}],"line":136},"9":{"loc":{"start":{"line":152,"column":6},"end":{"line":154,"column":null}},"type":"if","locations":[{"start":{"line":152,"column":6},"end":{"line":154,"column":null}},{"start":{},"end":{}}],"line":152},"10":{"loc":{"start":{"line":152,"column":10},"end":{"line":152,"column":84}},"type":"binary-expr","locations":[{"start":{"line":152,"column":10},"end":{"line":152,"column":45}},{"start":{"line":152,"column":45},"end":{"line":152,"column":84}}],"line":152},"11":{"loc":{"start":{"line":153,"column":22},"end":{"line":153,"column":null}},"type":"binary-expr","locations":[{"start":{"line":153,"column":22},"end":{"line":153,"column":35}},{"start":{"line":153,"column":35},"end":{"line":153,"column":null}}],"line":153},"12":{"loc":{"start":{"line":173,"column":4},"end":{"line":180,"column":null}},"type":"if","locations":[{"start":{"line":173,"column":4},"end":{"line":180,"column":null}},{"start":{},"end":{}}],"line":173},"13":{"loc":{"start":{"line":182,"column":18},"end":{"line":182,"column":null}},"type":"binary-expr","locations":[{"start":{"line":182,"column":18},"end":{"line":182,"column":36}},{"start":{"line":182,"column":36},"end":{"line":182,"column":null}}],"line":182},"14":{"loc":{"start":{"line":187,"column":15},"end":{"line":187,"column":null}},"type":"binary-expr","locations":[{"start":{"line":187,"column":15},"end":{"line":187,"column":37}},{"start":{"line":187,"column":37},"end":{"line":187,"column":null}}],"line":187},"15":{"loc":{"start":{"line":194,"column":15},"end":{"line":194,"column":null}},"type":"binary-expr","locations":[{"start":{"line":194,"column":15},"end":{"line":194,"column":32}},{"start":{"line":194,"column":32},"end":{"line":194,"column":null}}],"line":194},"16":{"loc":{"start":{"line":201,"column":15},"end":{"line":201,"column":null}},"type":"binary-expr","locations":[{"start":{"line":201,"column":15},"end":{"line":201,"column":34}},{"start":{"line":201,"column":34},"end":{"line":201,"column":null}}],"line":201},"17":{"loc":{"start":{"line":208,"column":15},"end":{"line":208,"column":null}},"type":"binary-expr","locations":[{"start":{"line":208,"column":15},"end":{"line":208,"column":36}},{"start":{"line":208,"column":36},"end":{"line":208,"column":null}}],"line":208},"18":{"loc":{"start":{"line":217,"column":15},"end":{"line":217,"column":null}},"type":"cond-expr","locations":[{"start":{"line":217,"column":27},"end":{"line":217,"column":67}},{"start":{"line":217,"column":67},"end":{"line":217,"column":null}}],"line":217},"19":{"loc":{"start":{"line":223,"column":21},"end":{"line":223,"column":null}},"type":"binary-expr","locations":[{"start":{"line":223,"column":21},"end":{"line":223,"column":40}},{"start":{"line":223,"column":40},"end":{"line":223,"column":null}}],"line":223}},"s":{"0":0,"1":0,"2":0,"3":0,"4":0,"5":0,"6":0,"7":0,"8":0,"9":0,"10":0,"11":0,"12":0,"13":0,"14":0,"15":0,"16":0,"17":0,"18":0,"19":0,"20":0,"21":0,"22":0,"23":0,"24":0,"25":0,"26":0,"27":0,"28":0,"29":0,"30":0,"31":0,"32":0,"33":0,"34":0,"35":0,"36":0,"37":0,"38":0,"39":0,"40":0,"41":0,"42":0,"43":0,"44":0,"45":0,"46":0,"47":0,"48":0,"49":0,"50":0,"51":0,"52":0,"53":0,"54":0,"55":0,"56":0,"57":0,"58":0,"59":0,"60":0,"61":0,"62":0,"63":0,"64":0,"65":0,"66":0,"67":0,"68":0,"69":0},"f":{"0":0,"1":0,"2":0,"3":0,"4":0,"5":0,"6":0,"7":0,"8":0,"9":0,"10":0,"11":0,"12":0,"13":0,"14":0,"15":0,"16":0,"17":0,"18":0},"b":{"0":[0,0,0],"1":[0,0],"2":[0,0],"3":[0,0],"4":[0,0],"5":[0,0],"6":[0,0],"7":[0,0],"8":[0,0],"9":[0,0],"10":[0,0],"11":[0,0],"12":[0,0],"13":[0,0],"14":[0,0],"15":[0,0],"16":[0,0],"17":[0,0],"18":[0,0],"19":[0,0]},"meta":{"lastBranch":20,"lastFunction":19,"lastStatement":70,"seen":{"f:20:9:20:17":0,"s:21:16:21:Infinity":0,"s:22:2:25:Infinity":1,"b:23:4:23:Infinity:24:4:24:Infinity:25:4:25:Infinity":0,"f:34:9:34:16":1,"b:35:2:35:Infinity:undefined:undefined:undefined:undefined":1,"s:35:2:35:Infinity":2,"s:35:11:35:Infinity":3,"b:36:2:36:Infinity:undefined:undefined:undefined:undefined":2,"s:36:2:36:Infinity":4,"s:36:39:36:Infinity":5,"b:37:2:37:Infinity:undefined:undefined:undefined:undefined":3,"s:37:2:37:Infinity":6,"s:37:26:37:Infinity":7,"s:38:2:38:Infinity":8,"f:64:16:64:31":2,"s:65:8:65:Infinity":9,"s:67:20:67:Infinity":10,"s:68:18:68:Infinity":11,"s:70:2:90:Infinity":12,"f:70:2:70:18":3,"f:75:19:75:31":4,"s:76:6:76:Infinity":13,"s:77:6:86:Infinity":14,"s:78:21:78:Infinity":15,"s:79:8:79:Infinity":16,"s:82:8:82:Infinity":17,"s:83:8:83:Infinity":18,"s:85:8:85:Infinity":19,"s:89:4:89:Infinity":20,"s:96:8:100:Infinity":21,"f:96:19:96:33":5,"b:97:4:97:Infinity:undefined:undefined:undefined:undefined":4,"s:97:4:97:Infinity":22,"s:97:25:97:Infinity":23,"s:98:18:98:Infinity":24,"f:98:26:98:32":6,"s:98:40:98:70":25,"s:99:4:99:Infinity":26,"b:99:11:99:20:99:20:99:Infinity":5,"s:106:8:142:Infinity":27,"f:106:26:106:40":7,"s:108:17:117:Infinity":28,"f:108:40:108:44":8,"s:109:16:109:Infinity":29,"s:110:6:110:Infinity":30,"s:111:6:116:Infinity":31,"s:120:19:120:Infinity":32,"s:121:4:121:Infinity":33,"s:122:4:122:Infinity":34,"s:125:4:138:Infinity":35,"f:125:12:125:21":9,"s:126:22:126:Infinity":36,"b:127:6:127:Infinity:undefined:undefined:undefined:undefined":6,"s:127:6:127:Infinity":37,"s:127:28:127:Infinity":38,"s:129:23:131:Infinity":39,"s:133:19:133:Infinity":40,"f:133:24:133:30":10,"s:133:36:133:54":41,"b:134:6:137:Infinity:undefined:undefined:undefined:undefined":7,"s:134:6:137:Infinity":42,"s:136:8:136:Infinity":43,"b:136:47:136:60:136:60:136:66":8,"s:141:4:141:Infinity":44,"f:141:16:141:21":11,"s:141:54:141:82":45,"s:148:8:157:Infinity":46,"f:148:23:148:37":12,"s:149:16:149:Infinity":47,"s:150:4:156:Infinity":48,"f:150:19:150:27":13,"s:151:16:151:Infinity":49,"b:152:6:154:Infinity:undefined:undefined:undefined:undefined":9,"s:152:6:154:Infinity":50,"b:152:10:152:45:152:45:152:84":10,"s:153:8:153:Infinity":51,"b:153:22:153:35:153:35:153:Infinity":11,"s:155:6:155:Infinity":52,"s:163:8:166:Infinity":53,"f:163:22:163:Infinity":14,"s:164:10:164:Infinity":54,"f:164:26:164:34":15,"s:164:45:164:60":55,"s:172:8:220:Infinity":56,"f:172:28:172:42":16,"b:173:4:180:Infinity:undefined:undefined:undefined:undefined":12,"s:173:4:180:Infinity":57,"s:174:6:179:Infinity":58,"f:174:27:174:32":17,"s:174:41:179:8":59,"s:182:18:182:Infinity":60,"b:182:18:182:36:182:36:182:Infinity":13,"s:183:23:212:Infinity":61,"b:187:15:187:37:187:37:187:Infinity":14,"b:194:15:194:32:194:32:194:Infinity":15,"b:201:15:201:34:201:34:201:Infinity":16,"b:208:15:208:36:208:36:208:Infinity":17,"s:214:4:219:Infinity":62,"f:214:22:214:27":18,"s:214:36:219:6":63,"b:217:27:217:67:217:67:217:Infinity":18,"s:222:22:222:Infinity":64,"s:223:21:223:Infinity":65,"b:223:21:223:40:223:40:223:Infinity":19,"s:224:8:224:Infinity":66,"s:225:8:225:Infinity":67,"s:226:8:226:Infinity":68,"s:228:2:242:Infinity":69}}}
,"C:\\Promptwars\\carbonsaathi\\src\\hooks\\useLog.js": {"path":"C:\\Promptwars\\carbonsaathi\\src\\hooks\\useLog.js","statementMap":{"0":{"start":{"line":34,"column":24},"end":{"line":34,"column":null}},"1":{"start":{"line":35,"column":22},"end":{"line":35,"column":null}},"2":{"start":{"line":38,"column":19},"end":{"line":38,"column":null}},"3":{"start":{"line":39,"column":20},"end":{"line":39,"column":null}},"4":{"start":{"line":42,"column":18},"end":{"line":42,"column":null}},"5":{"start":{"line":43,"column":19},"end":{"line":43,"column":null}},"6":{"start":{"line":44,"column":20},"end":{"line":44,"column":null}},"7":{"start":{"line":47,"column":23},"end":{"line":47,"column":null}},"8":{"start":{"line":48,"column":24},"end":{"line":48,"column":null}},"9":{"start":{"line":51,"column":18},"end":{"line":51,"column":null}},"10":{"start":{"line":52,"column":20},"end":{"line":52,"column":null}},"11":{"start":{"line":53,"column":19},"end":{"line":53,"column":null}},"12":{"start":{"line":57,"column":8},"end":{"line":60,"column":null}},"13":{"start":{"line":57,"column":23},"end":{"line":58,"column":null}},"14":{"start":{"line":63,"column":8},"end":{"line":66,"column":null}},"15":{"start":{"line":63,"column":18},"end":{"line":64,"column":null}},"16":{"start":{"line":69,"column":8},"end":{"line":72,"column":null}},"17":{"start":{"line":69,"column":20},"end":{"line":70,"column":null}},"18":{"start":{"line":75,"column":8},"end":{"line":78,"column":null}},"19":{"start":{"line":75,"column":22},"end":{"line":76,"column":null}},"20":{"start":{"line":81,"column":8},"end":{"line":90,"column":null}},"21":{"start":{"line":81,"column":19},"end":{"line":88,"column":null}},"22":{"start":{"line":99,"column":8},"end":{"line":101,"column":null}},"23":{"start":{"line":100,"column":4},"end":{"line":100,"column":null}},"24":{"start":{"line":110,"column":8},"end":{"line":112,"column":null}},"25":{"start":{"line":111,"column":4},"end":{"line":111,"column":null}},"26":{"start":{"line":122,"column":8},"end":{"line":130,"column":null}},"27":{"start":{"line":123,"column":16},"end":{"line":123,"column":null}},"28":{"start":{"line":124,"column":19},"end":{"line":124,"column":null}},"29":{"start":{"line":125,"column":4},"end":{"line":128,"column":null}},"30":{"start":{"line":126,"column":6},"end":{"line":126,"column":null}},"31":{"start":{"line":127,"column":6},"end":{"line":127,"column":null}},"32":{"start":{"line":129,"column":4},"end":{"line":129,"column":null}},"33":{"start":{"line":138,"column":8},"end":{"line":164,"column":null}},"34":{"start":{"line":139,"column":4},"end":{"line":139,"column":null}},"35":{"start":{"line":139,"column":18},"end":{"line":139,"column":null}},"36":{"start":{"line":140,"column":4},"end":{"line":140,"column":null}},"37":{"start":{"line":142,"column":18},"end":{"line":148,"column":null}},"38":{"start":{"line":150,"column":20},"end":{"line":150,"column":null}},"39":{"start":{"line":152,"column":4},"end":{"line":160,"column":null}},"40":{"start":{"line":153,"column":6},"end":{"line":153,"column":null}},"41":{"start":{"line":154,"column":6},"end":{"line":154,"column":null}},"42":{"start":{"line":155,"column":6},"end":{"line":155,"column":null}},"43":{"start":{"line":157,"column":6},"end":{"line":159,"column":null}},"44":{"start":{"line":162,"column":4},"end":{"line":162,"column":null}},"45":{"start":{"line":163,"column":4},"end":{"line":163,"column":null}},"46":{"start":{"line":163,"column":21},"end":{"line":163,"column":41}},"47":{"start":{"line":166,"column":2},"end":{"line":203,"column":null}}},"fnMap":{"0":{"name":"useLog","decl":{"start":{"line":32,"column":16},"end":{"line":32,"column":23}},"loc":{"start":{"line":32,"column":69},"end":{"line":204,"column":null}},"line":32},"1":{"name":"(anonymous_1)","decl":{"start":{"line":57,"column":23},"end":{"line":57,"column":null}},"loc":{"start":{"line":57,"column":23},"end":{"line":58,"column":null}},"line":57},"2":{"name":"(anonymous_2)","decl":{"start":{"line":63,"column":18},"end":{"line":63,"column":null}},"loc":{"start":{"line":63,"column":18},"end":{"line":64,"column":null}},"line":63},"3":{"name":"(anonymous_3)","decl":{"start":{"line":69,"column":20},"end":{"line":69,"column":null}},"loc":{"start":{"line":69,"column":20},"end":{"line":70,"column":null}},"line":69},"4":{"name":"(anonymous_4)","decl":{"start":{"line":75,"column":22},"end":{"line":75,"column":null}},"loc":{"start":{"line":75,"column":22},"end":{"line":76,"column":null}},"line":75},"5":{"name":"(anonymous_5)","decl":{"start":{"line":81,"column":19},"end":{"line":81,"column":null}},"loc":{"start":{"line":81,"column":19},"end":{"line":88,"column":null}},"line":81},"6":{"name":"(anonymous_6)","decl":{"start":{"line":99,"column":20},"end":{"line":99,"column":33}},"loc":{"start":{"line":99,"column":68},"end":{"line":101,"column":5}},"line":99},"7":{"name":"(anonymous_7)","decl":{"start":{"line":110,"column":20},"end":{"line":110,"column":33}},"loc":{"start":{"line":110,"column":68},"end":{"line":112,"column":5}},"line":110},"8":{"name":"(anonymous_8)","decl":{"start":{"line":122,"column":29},"end":{"line":122,"column":42}},"loc":{"start":{"line":122,"column":66},"end":{"line":130,"column":5}},"line":122},"9":{"name":"(anonymous_9)","decl":{"start":{"line":138,"column":30},"end":{"line":138,"column":42}},"loc":{"start":{"line":138,"column":42},"end":{"line":164,"column":5}},"line":138},"10":{"name":"(anonymous_10)","decl":{"start":{"line":163,"column":4},"end":{"line":163,"column":21}},"loc":{"start":{"line":163,"column":21},"end":{"line":163,"column":41}},"line":163}},"branchMap":{"0":{"loc":{"start":{"line":99,"column":55},"end":{"line":99,"column":68}},"type":"default-arg","locations":[{"start":{"line":99,"column":62},"end":{"line":99,"column":68}}],"line":99},"1":{"loc":{"start":{"line":110,"column":55},"end":{"line":110,"column":68}},"type":"default-arg","locations":[{"start":{"line":110,"column":62},"end":{"line":110,"column":68}}],"line":110},"2":{"loc":{"start":{"line":125,"column":4},"end":{"line":128,"column":null}},"type":"if","locations":[{"start":{"line":125,"column":4},"end":{"line":128,"column":null}},{"start":{},"end":{}}],"line":125},"3":{"loc":{"start":{"line":139,"column":4},"end":{"line":139,"column":null}},"type":"if","locations":[{"start":{"line":139,"column":4},"end":{"line":139,"column":null}},{"start":{},"end":{}}],"line":139},"4":{"loc":{"start":{"line":152,"column":4},"end":{"line":160,"column":null}},"type":"if","locations":[{"start":{"line":152,"column":4},"end":{"line":160,"column":null}},{"start":{"line":156,"column":11},"end":{"line":160,"column":null}}],"line":152}},"s":{"0":10,"1":10,"2":10,"3":10,"4":10,"5":10,"6":10,"7":10,"8":10,"9":10,"10":10,"11":10,"12":10,"13":7,"14":10,"15":6,"16":10,"17":7,"18":10,"19":6,"20":10,"21":8,"22":10,"23":0,"24":10,"25":0,"26":10,"27":0,"28":0,"29":0,"30":0,"31":0,"32":0,"33":10,"34":2,"35":0,"36":2,"37":2,"38":2,"39":2,"40":2,"41":2,"42":2,"43":0,"44":2,"45":2,"46":0,"47":10},"f":{"0":10,"1":7,"2":6,"3":7,"4":6,"5":8,"6":0,"7":0,"8":0,"9":2,"10":0},"b":{"0":[0],"1":[0],"2":[0,0],"3":[0,2],"4":[2,0]},"meta":{"lastBranch":5,"lastFunction":11,"lastStatement":48,"seen":{"f:32:16:32:23":0,"s:34:24:34:Infinity":0,"s:35:22:35:Infinity":1,"s:38:19:38:Infinity":2,"s:39:20:39:Infinity":3,"s:42:18:42:Infinity":4,"s:43:19:43:Infinity":5,"s:44:20:44:Infinity":6,"s:47:23:47:Infinity":7,"s:48:24:48:Infinity":8,"s:51:18:51:Infinity":9,"s:52:20:52:Infinity":10,"s:53:19:53:Infinity":11,"s:57:8:60:Infinity":12,"f:57:23:57:Infinity":1,"s:57:23:58:Infinity":13,"s:63:8:66:Infinity":14,"f:63:18:63:Infinity":2,"s:63:18:64:Infinity":15,"s:69:8:72:Infinity":16,"f:69:20:69:Infinity":3,"s:69:20:70:Infinity":17,"s:75:8:78:Infinity":18,"f:75:22:75:Infinity":4,"s:75:22:76:Infinity":19,"s:81:8:90:Infinity":20,"f:81:19:81:Infinity":5,"s:81:19:88:Infinity":21,"s:99:8:101:Infinity":22,"f:99:20:99:33":6,"b:99:62:99:68":0,"s:100:4:100:Infinity":23,"s:110:8:112:Infinity":24,"f:110:20:110:33":7,"b:110:62:110:68":1,"s:111:4:111:Infinity":25,"s:122:8:130:Infinity":26,"f:122:29:122:42":8,"s:123:16:123:Infinity":27,"s:124:19:124:Infinity":28,"b:125:4:128:Infinity:undefined:undefined:undefined:undefined":2,"s:125:4:128:Infinity":29,"s:126:6:126:Infinity":30,"s:127:6:127:Infinity":31,"s:129:4:129:Infinity":32,"s:138:8:164:Infinity":33,"f:138:30:138:42":9,"b:139:4:139:Infinity:undefined:undefined:undefined:undefined":3,"s:139:4:139:Infinity":34,"s:139:18:139:Infinity":35,"s:140:4:140:Infinity":36,"s:142:18:148:Infinity":37,"s:150:20:150:Infinity":38,"b:152:4:160:Infinity:156:11:160:Infinity":4,"s:152:4:160:Infinity":39,"s:153:6:153:Infinity":40,"s:154:6:154:Infinity":41,"s:155:6:155:Infinity":42,"s:157:6:159:Infinity":43,"s:162:4:162:Infinity":44,"s:163:4:163:Infinity":45,"f:163:4:163:21":10,"s:163:21:163:41":46,"s:166:2:203:Infinity":47}}}
,"C:\\Promptwars\\carbonsaathi\\src\\hooks\\useTips.js": {"path":"C:\\Promptwars\\carbonsaathi\\src\\hooks\\useTips.js","statementMap":{"0":{"start":{"line":27,"column":15},"end":{"line":27,"column":null}},"1":{"start":{"line":27,"column":41},"end":{"line":27,"column":85}},"2":{"start":{"line":27,"column":62},"end":{"line":27,"column":84}},"3":{"start":{"line":34,"column":8},"end":{"line":42,"column":null}},"4":{"start":{"line":35,"column":4},"end":{"line":41,"column":null}},"5":{"start":{"line":36,"column":18},"end":{"line":36,"column":null}},"6":{"start":{"line":36,"column":35},"end":{"line":36,"column":49}},"7":{"start":{"line":37,"column":6},"end":{"line":39,"column":null}},"8":{"start":{"line":38,"column":8},"end":{"line":38,"column":null}},"9":{"start":{"line":40,"column":6},"end":{"line":40,"column":null}},"10":{"start":{"line":40,"column":30},"end":{"line":40,"column":72}},"11":{"start":{"line":45,"column":8},"end":{"line":45,"column":null}},"12":{"start":{"line":45,"column":39},"end":{"line":45,"column":74}},"13":{"start":{"line":45,"column":58},"end":{"line":45,"column":64}},"14":{"start":{"line":48,"column":8},"end":{"line":51,"column":null}},"15":{"start":{"line":49,"column":10},"end":{"line":49,"column":null}},"16":{"start":{"line":49,"column":29},"end":{"line":49,"column":35}},"17":{"start":{"line":49,"column":56},"end":{"line":49,"column":72}},"18":{"start":{"line":53,"column":2},"end":{"line":53,"column":null}}},"fnMap":{"0":{"name":"useTips","decl":{"start":{"line":26,"column":16},"end":{"line":26,"column":26}},"loc":{"start":{"line":26,"column":26},"end":{"line":54,"column":null}},"line":26},"1":{"name":"(anonymous_1)","decl":{"start":{"line":27,"column":26},"end":{"line":27,"column":41}},"loc":{"start":{"line":27,"column":41},"end":{"line":27,"column":85}},"line":27},"2":{"name":"(anonymous_2)","decl":{"start":{"line":27,"column":50},"end":{"line":27,"column":55}},"loc":{"start":{"line":27,"column":62},"end":{"line":27,"column":84}},"line":27},"3":{"name":"(anonymous_3)","decl":{"start":{"line":34,"column":22},"end":{"line":34,"column":35}},"loc":{"start":{"line":34,"column":45},"end":{"line":42,"column":5}},"line":34},"4":{"name":"(anonymous_4)","decl":{"start":{"line":35,"column":4},"end":{"line":35,"column":13}},"loc":{"start":{"line":35,"column":22},"end":{"line":41,"column":5}},"line":35},"5":{"name":"(anonymous_5)","decl":{"start":{"line":36,"column":23},"end":{"line":36,"column":29}},"loc":{"start":{"line":36,"column":35},"end":{"line":36,"column":49}},"line":36},"6":{"name":"(anonymous_6)","decl":{"start":{"line":40,"column":18},"end":{"line":40,"column":23}},"loc":{"start":{"line":40,"column":30},"end":{"line":40,"column":72}},"line":40},"7":{"name":"(anonymous_7)","decl":{"start":{"line":45,"column":25},"end":{"line":45,"column":39}},"loc":{"start":{"line":45,"column":39},"end":{"line":45,"column":74}},"line":45},"8":{"name":"(anonymous_8)","decl":{"start":{"line":45,"column":44},"end":{"line":45,"column":52}},"loc":{"start":{"line":45,"column":58},"end":{"line":45,"column":64}},"line":45},"9":{"name":"(anonymous_9)","decl":{"start":{"line":48,"column":23},"end":{"line":48,"column":null}},"loc":{"start":{"line":49,"column":10},"end":{"line":49,"column":null}},"line":49},"10":{"name":"(anonymous_10)","decl":{"start":{"line":49,"column":15},"end":{"line":49,"column":23}},"loc":{"start":{"line":49,"column":29},"end":{"line":49,"column":35}},"line":49},"11":{"name":"(anonymous_11)","decl":{"start":{"line":49,"column":37},"end":{"line":49,"column":45}},"loc":{"start":{"line":49,"column":56},"end":{"line":49,"column":72}},"line":49}},"branchMap":{"0":{"loc":{"start":{"line":37,"column":6},"end":{"line":39,"column":null}},"type":"if","locations":[{"start":{"line":37,"column":6},"end":{"line":39,"column":null}},{"start":{},"end":{}}],"line":37},"1":{"loc":{"start":{"line":37,"column":10},"end":{"line":37,"column":28}},"type":"binary-expr","locations":[{"start":{"line":37,"column":10},"end":{"line":37,"column":17}},{"start":{"line":37,"column":17},"end":{"line":37,"column":28}}],"line":37},"2":{"loc":{"start":{"line":40,"column":30},"end":{"line":40,"column":72}},"type":"cond-expr","locations":[{"start":{"line":40,"column":47},"end":{"line":40,"column":70}},{"start":{"line":40,"column":70},"end":{"line":40,"column":72}}],"line":40}},"s":{"0":0,"1":0,"2":0,"3":0,"4":0,"5":0,"6":0,"7":0,"8":0,"9":0,"10":0,"11":0,"12":0,"13":0,"14":0,"15":0,"16":0,"17":0,"18":0},"f":{"0":0,"1":0,"2":0,"3":0,"4":0,"5":0,"6":0,"7":0,"8":0,"9":0,"10":0,"11":0},"b":{"0":[0,0],"1":[0,0],"2":[0,0]},"meta":{"lastBranch":3,"lastFunction":12,"lastStatement":19,"seen":{"f:26:16:26:26":0,"s:27:15:27:Infinity":0,"f:27:26:27:41":1,"s:27:41:27:85":1,"f:27:50:27:55":2,"s:27:62:27:84":2,"s:34:8:42:Infinity":3,"f:34:22:34:35":3,"s:35:4:41:Infinity":4,"f:35:4:35:13":4,"s:36:18:36:Infinity":5,"f:36:23:36:29":5,"s:36:35:36:49":6,"b:37:6:39:Infinity:undefined:undefined:undefined:undefined":0,"s:37:6:39:Infinity":7,"b:37:10:37:17:37:17:37:28":1,"s:38:8:38:Infinity":8,"s:40:6:40:Infinity":9,"f:40:18:40:23":6,"s:40:30:40:72":10,"b:40:47:40:70:40:70:40:72":2,"s:45:8:45:Infinity":11,"f:45:25:45:39":7,"s:45:39:45:74":12,"f:45:44:45:52":8,"s:45:58:45:64":13,"s:48:8:51:Infinity":14,"f:48:23:48:Infinity":9,"s:49:10:49:Infinity":15,"f:49:15:49:23":10,"s:49:29:49:35":16,"f:49:37:49:45":11,"s:49:56:49:72":17,"s:53:2:53:Infinity":18}}}
,"C:\\Promptwars\\carbonsaathi\\src\\utils\\analytics.js": {"path":"C:\\Promptwars\\carbonsaathi\\src\\utils\\analytics.js","statementMap":{"0":{"start":{"line":15,"column":13},"end":{"line":15,"column":null}},"1":{"start":{"line":16,"column":2},"end":{"line":16,"column":null}},"2":{"start":{"line":16,"column":11},"end":{"line":16,"column":null}},"3":{"start":{"line":17,"column":2},"end":{"line":17,"column":null}},"4":{"start":{"line":26,"column":2},"end":{"line":26,"column":null}},"5":{"start":{"line":36,"column":2},"end":{"line":36,"column":null}}},"fnMap":{"0":{"name":"initAnalytics","decl":{"start":{"line":14,"column":16},"end":{"line":14,"column":32}},"loc":{"start":{"line":14,"column":32},"end":{"line":18,"column":null}},"line":14},"1":{"name":"trackPageView","decl":{"start":{"line":25,"column":16},"end":{"line":25,"column":30}},"loc":{"start":{"line":25,"column":43},"end":{"line":27,"column":null}},"line":25},"2":{"name":"trackEvent","decl":{"start":{"line":35,"column":16},"end":{"line":35,"column":27}},"loc":{"start":{"line":35,"column":52},"end":{"line":37,"column":null}},"line":35}},"branchMap":{"0":{"loc":{"start":{"line":16,"column":2},"end":{"line":16,"column":null}},"type":"if","locations":[{"start":{"line":16,"column":2},"end":{"line":16,"column":null}},{"start":{},"end":{}}],"line":16}},"s":{"0":2,"1":2,"2":0,"3":2,"4":1,"5":4},"f":{"0":2,"1":1,"2":4},"b":{"0":[0,2]},"meta":{"lastBranch":1,"lastFunction":3,"lastStatement":6,"seen":{"f:14:16:14:32":0,"s:15:13:15:Infinity":0,"b:16:2:16:Infinity:undefined:undefined:undefined:undefined":0,"s:16:2:16:Infinity":1,"s:16:11:16:Infinity":2,"s:17:2:17:Infinity":3,"f:25:16:25:30":1,"s:26:2:26:Infinity":4,"f:35:16:35:27":2,"s:36:2:36:Infinity":5}}}
,"C:\\Promptwars\\carbonsaathi\\src\\utils\\carbonCalc.js": {"path":"C:\\Promptwars\\carbonsaathi\\src\\utils\\carbonCalc.js","statementMap":{"0":{"start":{"line":18,"column":16},"end":{"line":18,"column":null}},"1":{"start":{"line":18,"column":34},"end":{"line":18,"column":47}},"2":{"start":{"line":19,"column":2},"end":{"line":19,"column":null}},"3":{"start":{"line":19,"column":14},"end":{"line":19,"column":null}},"4":{"start":{"line":20,"column":2},"end":{"line":20,"column":null}},"5":{"start":{"line":31,"column":16},"end":{"line":31,"column":null}},"6":{"start":{"line":31,"column":34},"end":{"line":31,"column":47}},"7":{"start":{"line":32,"column":2},"end":{"line":32,"column":null}},"8":{"start":{"line":32,"column":14},"end":{"line":32,"column":null}},"9":{"start":{"line":33,"column":2},"end":{"line":33,"column":null}},"10":{"start":{"line":45,"column":14},"end":{"line":45,"column":null}},"11":{"start":{"line":46,"column":19},"end":{"line":46,"column":null}},"12":{"start":{"line":47,"column":2},"end":{"line":47,"column":null}},"13":{"start":{"line":58,"column":16},"end":{"line":58,"column":null}},"14":{"start":{"line":58,"column":34},"end":{"line":58,"column":47}},"15":{"start":{"line":59,"column":2},"end":{"line":59,"column":null}},"16":{"start":{"line":59,"column":14},"end":{"line":59,"column":null}},"17":{"start":{"line":60,"column":18},"end":{"line":60,"column":null}},"18":{"start":{"line":61,"column":2},"end":{"line":61,"column":null}},"19":{"start":{"line":70,"column":2},"end":{"line":71,"column":null}},"20":{"start":{"line":71,"column":61},"end":{"line":71,"column":72}},"21":{"start":{"line":83,"column":16},"end":{"line":83,"column":null}},"22":{"start":{"line":84,"column":2},"end":{"line":84,"column":null}},"23":{"start":{"line":93,"column":2},"end":{"line":93,"column":null}},"24":{"start":{"line":105,"column":14},"end":{"line":105,"column":null}},"25":{"start":{"line":106,"column":2},"end":{"line":106,"column":null}},"26":{"start":{"line":106,"column":18},"end":{"line":106,"column":null}},"27":{"start":{"line":107,"column":2},"end":{"line":107,"column":null}},"28":{"start":{"line":117,"column":2},"end":{"line":119,"column":null}},"29":{"start":{"line":118,"column":4},"end":{"line":118,"column":null}},"30":{"start":{"line":120,"column":2},"end":{"line":122,"column":null}},"31":{"start":{"line":121,"column":4},"end":{"line":121,"column":null}},"32":{"start":{"line":123,"column":2},"end":{"line":123,"column":null}}},"fnMap":{"0":{"name":"calcTransport","decl":{"start":{"line":17,"column":16},"end":{"line":17,"column":30}},"loc":{"start":{"line":17,"column":47},"end":{"line":21,"column":null}},"line":17},"1":{"name":"(anonymous_1)","decl":{"start":{"line":18,"column":22},"end":{"line":18,"column":28}},"loc":{"start":{"line":18,"column":34},"end":{"line":18,"column":47}},"line":18},"2":{"name":"calcFood","decl":{"start":{"line":30,"column":16},"end":{"line":30,"column":25}},"loc":{"start":{"line":30,"column":45},"end":{"line":34,"column":null}},"line":30},"3":{"name":"(anonymous_3)","decl":{"start":{"line":31,"column":22},"end":{"line":31,"column":28}},"loc":{"start":{"line":31,"column":34},"end":{"line":31,"column":47}},"line":31},"4":{"name":"calcEnergy","decl":{"start":{"line":44,"column":16},"end":{"line":44,"column":27}},"loc":{"start":{"line":44,"column":57},"end":{"line":48,"column":null}},"line":44},"5":{"name":"calcShopping","decl":{"start":{"line":57,"column":16},"end":{"line":57,"column":29}},"loc":{"start":{"line":57,"column":49},"end":{"line":62,"column":null}},"line":57},"6":{"name":"(anonymous_6)","decl":{"start":{"line":58,"column":22},"end":{"line":58,"column":28}},"loc":{"start":{"line":58,"column":34},"end":{"line":58,"column":47}},"line":58},"7":{"name":"calcTotal","decl":{"start":{"line":69,"column":16},"end":{"line":69,"column":26}},"loc":{"start":{"line":69,"column":37},"end":{"line":73,"column":null}},"line":69},"8":{"name":"(anonymous_8)","decl":{"start":{"line":71,"column":40},"end":{"line":71,"column":48}},"loc":{"start":{"line":71,"column":61},"end":{"line":71,"column":72}},"line":71},"9":{"name":"calcScore","decl":{"start":{"line":82,"column":16},"end":{"line":82,"column":26}},"loc":{"start":{"line":82,"column":35},"end":{"line":85,"column":null}},"line":82},"10":{"name":"formatCO2","decl":{"start":{"line":92,"column":16},"end":{"line":92,"column":26}},"loc":{"start":{"line":92,"column":33},"end":{"line":94,"column":null}},"line":92},"11":{"name":"clampValue","decl":{"start":{"line":104,"column":16},"end":{"line":104,"column":27}},"loc":{"start":{"line":104,"column":44},"end":{"line":108,"column":null}},"line":104},"12":{"name":"getScoreLabel","decl":{"start":{"line":116,"column":16},"end":{"line":116,"column":30}},"loc":{"start":{"line":116,"column":37},"end":{"line":124,"column":null}},"line":116}},"branchMap":{"0":{"loc":{"start":{"line":19,"column":2},"end":{"line":19,"column":null}},"type":"if","locations":[{"start":{"line":19,"column":2},"end":{"line":19,"column":null}},{"start":{},"end":{}}],"line":19},"1":{"loc":{"start":{"line":32,"column":2},"end":{"line":32,"column":null}},"type":"if","locations":[{"start":{"line":32,"column":2},"end":{"line":32,"column":null}},{"start":{},"end":{}}],"line":32},"2":{"loc":{"start":{"line":46,"column":19},"end":{"line":46,"column":null}},"type":"cond-expr","locations":[{"start":{"line":46,"column":31},"end":{"line":46,"column":75}},{"start":{"line":46,"column":75},"end":{"line":46,"column":null}}],"line":46},"3":{"loc":{"start":{"line":59,"column":2},"end":{"line":59,"column":null}},"type":"if","locations":[{"start":{"line":59,"column":2},"end":{"line":59,"column":null}},{"start":{},"end":{}}],"line":59},"4":{"loc":{"start":{"line":106,"column":2},"end":{"line":106,"column":null}},"type":"if","locations":[{"start":{"line":106,"column":2},"end":{"line":106,"column":null}},{"start":{},"end":{}}],"line":106},"5":{"loc":{"start":{"line":117,"column":2},"end":{"line":119,"column":null}},"type":"if","locations":[{"start":{"line":117,"column":2},"end":{"line":119,"column":null}},{"start":{},"end":{}}],"line":117},"6":{"loc":{"start":{"line":120,"column":2},"end":{"line":122,"column":null}},"type":"if","locations":[{"start":{"line":120,"column":2},"end":{"line":122,"column":null}},{"start":{},"end":{}}],"line":120}},"s":{"0":13,"1":39,"2":13,"3":1,"4":12,"5":10,"6":17,"7":10,"8":1,"9":9,"10":12,"11":12,"12":12,"13":10,"14":33,"15":10,"16":0,"17":10,"18":10,"19":11,"20":42,"21":10,"22":10,"23":8,"24":9,"25":9,"26":1,"27":8,"28":12,"29":4,"30":8,"31":4,"32":4},"f":{"0":13,"1":39,"2":10,"3":17,"4":12,"5":10,"6":33,"7":11,"8":42,"9":10,"10":8,"11":9,"12":12},"b":{"0":[1,12],"1":[1,9],"2":[2,10],"3":[0,10],"4":[1,8],"5":[4,8],"6":[4,4]},"meta":{"lastBranch":7,"lastFunction":13,"lastStatement":33,"seen":{"f:17:16:17:30":0,"s:18:16:18:Infinity":0,"f:18:22:18:28":1,"s:18:34:18:47":1,"b:19:2:19:Infinity:undefined:undefined:undefined:undefined":0,"s:19:2:19:Infinity":2,"s:19:14:19:Infinity":3,"s:20:2:20:Infinity":4,"f:30:16:30:25":2,"s:31:16:31:Infinity":5,"f:31:22:31:28":3,"s:31:34:31:47":6,"b:32:2:32:Infinity:undefined:undefined:undefined:undefined":1,"s:32:2:32:Infinity":7,"s:32:14:32:Infinity":8,"s:33:2:33:Infinity":9,"f:44:16:44:27":4,"s:45:14:45:Infinity":10,"s:46:19:46:Infinity":11,"b:46:31:46:75:46:75:46:Infinity":2,"s:47:2:47:Infinity":12,"f:57:16:57:29":5,"s:58:16:58:Infinity":13,"f:58:22:58:28":6,"s:58:34:58:47":14,"b:59:2:59:Infinity:undefined:undefined:undefined:undefined":3,"s:59:2:59:Infinity":15,"s:59:14:59:Infinity":16,"s:60:18:60:Infinity":17,"s:61:2:61:Infinity":18,"f:69:16:69:26":7,"s:70:2:71:Infinity":19,"f:71:40:71:48":8,"s:71:61:71:72":20,"f:82:16:82:26":9,"s:83:16:83:Infinity":21,"s:84:2:84:Infinity":22,"f:92:16:92:26":10,"s:93:2:93:Infinity":23,"f:104:16:104:27":11,"s:105:14:105:Infinity":24,"b:106:2:106:Infinity:undefined:undefined:undefined:undefined":4,"s:106:2:106:Infinity":25,"s:106:18:106:Infinity":26,"s:107:2:107:Infinity":27,"f:116:16:116:30":12,"b:117:2:119:Infinity:undefined:undefined:undefined:undefined":5,"s:117:2:119:Infinity":28,"s:118:4:118:Infinity":29,"b:120:2:122:Infinity:undefined:undefined:undefined:undefined":6,"s:120:2:122:Infinity":30,"s:121:4:121:Infinity":31,"s:123:2:123:Infinity":32}}}
,"C:\\Promptwars\\carbonsaathi\\src\\utils\\constants.js": {"path":"C:\\Promptwars\\carbonsaathi\\src\\utils\\constants.js","statementMap":{"0":{"start":{"line":10,"column":32},"end":{"line":10,"column":null}},"1":{"start":{"line":12,"column":25},"end":{"line":12,"column":null}},"2":{"start":{"line":15,"column":32},"end":{"line":18,"column":null}},"3":{"start":{"line":21,"column":30},"end":{"line":25,"column":null}},"4":{"start":{"line":28,"column":28},"end":{"line":37,"column":null}},"5":{"start":{"line":41,"column":33},"end":{"line":41,"column":null}},"6":{"start":{"line":43,"column":36},"end":{"line":43,"column":null}},"7":{"start":{"line":45,"column":32},"end":{"line":45,"column":null}},"8":{"start":{"line":49,"column":33},"end":{"line":49,"column":null}}},"fnMap":{},"branchMap":{},"s":{"0":5,"1":5,"2":5,"3":5,"4":5,"5":5,"6":5,"7":5,"8":5},"f":{},"b":{},"meta":{"lastBranch":0,"lastFunction":0,"lastStatement":9,"seen":{"s:10:32:10:Infinity":0,"s:12:25:12:Infinity":1,"s:15:32:18:Infinity":2,"s:21:30:25:Infinity":3,"s:28:28:37:Infinity":4,"s:41:33:41:Infinity":5,"s:43:36:43:Infinity":6,"s:45:32:45:Infinity":7,"s:49:33:49:Infinity":8}}}
,"C:\\Promptwars\\carbonsaathi\\src\\utils\\errorHandler.js": {"path":"C:\\Promptwars\\carbonsaathi\\src\\utils\\errorHandler.js","statementMap":{"0":{"start":{"line":18,"column":2},"end":{"line":24,"column":null}},"1":{"start":{"line":19,"column":4},"end":{"line":19,"column":null}},"2":{"start":{"line":22,"column":4},"end":{"line":22,"column":null}},"3":{"start":{"line":23,"column":4},"end":{"line":23,"column":null}}},"fnMap":{"0":{"name":"safeAsync","decl":{"start":{"line":17,"column":22},"end":{"line":17,"column":32}},"loc":{"start":{"line":17,"column":55},"end":{"line":25,"column":null}},"line":17}},"branchMap":{},"s":{"0":4,"1":4,"2":3,"3":3},"f":{"0":4},"b":{},"meta":{"lastBranch":0,"lastFunction":1,"lastStatement":4,"seen":{"f:17:22:17:32":0,"s:18:2:24:Infinity":0,"s:19:4:19:Infinity":1,"s:22:4:22:Infinity":2,"s:23:4:23:Infinity":3}}}
,"C:\\Promptwars\\carbonsaathi\\src\\utils\\helpers.js": {"path":"C:\\Promptwars\\carbonsaathi\\src\\utils\\helpers.js","statementMap":{"0":{"start":{"line":15,"column":2},"end":{"line":15,"column":null}},"1":{"start":{"line":23,"column":15},"end":{"line":23,"column":null}},"2":{"start":{"line":24,"column":2},"end":{"line":24,"column":null}},"3":{"start":{"line":24,"column":17},"end":{"line":24,"column":null}},"4":{"start":{"line":25,"column":2},"end":{"line":25,"column":null}},"5":{"start":{"line":25,"column":17},"end":{"line":25,"column":null}},"6":{"start":{"line":26,"column":2},"end":{"line":26,"column":null}},"7":{"start":{"line":35,"column":14},"end":{"line":35,"column":null}},"8":{"start":{"line":37,"column":2},"end":{"line":44,"column":null}},"9":{"start":{"line":43,"column":4},"end":{"line":43,"column":null}},"10":{"start":{"line":46,"column":2},"end":{"line":52,"column":null}},"11":{"start":{"line":51,"column":4},"end":{"line":51,"column":null}},"12":{"start":{"line":54,"column":2},"end":{"line":61,"column":null}},"13":{"start":{"line":60,"column":4},"end":{"line":60,"column":null}},"14":{"start":{"line":63,"column":2},"end":{"line":65,"column":null}},"15":{"start":{"line":64,"column":4},"end":{"line":64,"column":null}},"16":{"start":{"line":67,"column":2},"end":{"line":69,"column":null}},"17":{"start":{"line":68,"column":4},"end":{"line":68,"column":null}},"18":{"start":{"line":71,"column":2},"end":{"line":78,"column":null}},"19":{"start":{"line":77,"column":4},"end":{"line":77,"column":null}},"20":{"start":{"line":80,"column":2},"end":{"line":82,"column":null}},"21":{"start":{"line":81,"column":4},"end":{"line":81,"column":null}},"22":{"start":{"line":84,"column":2},"end":{"line":86,"column":null}},"23":{"start":{"line":85,"column":4},"end":{"line":85,"column":null}},"24":{"start":{"line":88,"column":2},"end":{"line":88,"column":null}}},"fnMap":{"0":{"name":"formatShareText","decl":{"start":{"line":14,"column":16},"end":{"line":14,"column":32}},"loc":{"start":{"line":14,"column":39},"end":{"line":16,"column":null}},"line":14},"1":{"name":"getGreeting","decl":{"start":{"line":22,"column":16},"end":{"line":22,"column":30}},"loc":{"start":{"line":22,"column":30},"end":{"line":27,"column":null}},"line":22},"2":{"name":"getMockReply","decl":{"start":{"line":34,"column":16},"end":{"line":34,"column":29}},"loc":{"start":{"line":34,"column":36},"end":{"line":89,"column":null}},"line":34}},"branchMap":{"0":{"loc":{"start":{"line":24,"column":2},"end":{"line":24,"column":null}},"type":"if","locations":[{"start":{"line":24,"column":2},"end":{"line":24,"column":null}},{"start":{},"end":{}}],"line":24},"1":{"loc":{"start":{"line":25,"column":2},"end":{"line":25,"column":null}},"type":"if","locations":[{"start":{"line":25,"column":2},"end":{"line":25,"column":null}},{"start":{},"end":{}}],"line":25},"2":{"loc":{"start":{"line":37,"column":2},"end":{"line":44,"column":null}},"type":"if","locations":[{"start":{"line":37,"column":2},"end":{"line":44,"column":null}},{"start":{},"end":{}}],"line":37},"3":{"loc":{"start":{"line":38,"column":4},"end":{"line":41,"column":null}},"type":"binary-expr","locations":[{"start":{"line":38,"column":4},"end":{"line":38,"column":null}},{"start":{"line":39,"column":4},"end":{"line":39,"column":null}},{"start":{"line":40,"column":4},"end":{"line":40,"column":null}},{"start":{"line":41,"column":4},"end":{"line":41,"column":null}}],"line":38},"4":{"loc":{"start":{"line":46,"column":2},"end":{"line":52,"column":null}},"type":"if","locations":[{"start":{"line":46,"column":2},"end":{"line":52,"column":null}},{"start":{},"end":{}}],"line":46},"5":{"loc":{"start":{"line":47,"column":4},"end":{"line":49,"column":null}},"type":"binary-expr","locations":[{"start":{"line":47,"column":4},"end":{"line":47,"column":null}},{"start":{"line":48,"column":4},"end":{"line":48,"column":null}},{"start":{"line":49,"column":4},"end":{"line":49,"column":null}}],"line":47},"6":{"loc":{"start":{"line":54,"column":2},"end":{"line":61,"column":null}},"type":"if","locations":[{"start":{"line":54,"column":2},"end":{"line":61,"column":null}},{"start":{},"end":{}}],"line":54},"7":{"loc":{"start":{"line":55,"column":4},"end":{"line":58,"column":null}},"type":"binary-expr","locations":[{"start":{"line":55,"column":4},"end":{"line":55,"column":null}},{"start":{"line":56,"column":4},"end":{"line":56,"column":null}},{"start":{"line":57,"column":4},"end":{"line":57,"column":null}},{"start":{"line":58,"column":4},"end":{"line":58,"column":null}}],"line":55},"8":{"loc":{"start":{"line":63,"column":2},"end":{"line":65,"column":null}},"type":"if","locations":[{"start":{"line":63,"column":2},"end":{"line":65,"column":null}},{"start":{},"end":{}}],"line":63},"9":{"loc":{"start":{"line":63,"column":6},"end":{"line":63,"column":60}},"type":"binary-expr","locations":[{"start":{"line":63,"column":6},"end":{"line":63,"column":32}},{"start":{"line":63,"column":32},"end":{"line":63,"column":60}}],"line":63},"10":{"loc":{"start":{"line":67,"column":2},"end":{"line":69,"column":null}},"type":"if","locations":[{"start":{"line":67,"column":2},"end":{"line":69,"column":null}},{"start":{},"end":{}}],"line":67},"11":{"loc":{"start":{"line":67,"column":6},"end":{"line":67,"column":85}},"type":"binary-expr","locations":[{"start":{"line":67,"column":6},"end":{"line":67,"column":32}},{"start":{"line":67,"column":32},"end":{"line":67,"column":63}},{"start":{"line":67,"column":63},"end":{"line":67,"column":85}}],"line":67},"12":{"loc":{"start":{"line":71,"column":2},"end":{"line":78,"column":null}},"type":"if","locations":[{"start":{"line":71,"column":2},"end":{"line":78,"column":null}},{"start":{},"end":{}}],"line":71},"13":{"loc":{"start":{"line":72,"column":4},"end":{"line":75,"column":null}},"type":"binary-expr","locations":[{"start":{"line":72,"column":4},"end":{"line":72,"column":null}},{"start":{"line":73,"column":4},"end":{"line":73,"column":null}},{"start":{"line":74,"column":4},"end":{"line":74,"column":null}},{"start":{"line":75,"column":4},"end":{"line":75,"column":null}}],"line":72},"14":{"loc":{"start":{"line":80,"column":2},"end":{"line":82,"column":null}},"type":"if","locations":[{"start":{"line":80,"column":2},"end":{"line":82,"column":null}},{"start":{},"end":{}}],"line":80},"15":{"loc":{"start":{"line":80,"column":6},"end":{"line":80,"column":83}},"type":"binary-expr","locations":[{"start":{"line":80,"column":6},"end":{"line":80,"column":32}},{"start":{"line":80,"column":32},"end":{"line":80,"column":55}},{"start":{"line":80,"column":55},"end":{"line":80,"column":83}}],"line":80},"16":{"loc":{"start":{"line":84,"column":2},"end":{"line":86,"column":null}},"type":"if","locations":[{"start":{"line":84,"column":2},"end":{"line":86,"column":null}},{"start":{},"end":{}}],"line":84},"17":{"loc":{"start":{"line":84,"column":6},"end":{"line":84,"column":83}},"type":"binary-expr","locations":[{"start":{"line":84,"column":6},"end":{"line":84,"column":31}},{"start":{"line":84,"column":31},"end":{"line":84,"column":57}},{"start":{"line":84,"column":57},"end":{"line":84,"column":83}}],"line":84}},"s":{"0":3,"1":3,"2":3,"3":0,"4":3,"5":0,"6":3,"7":13,"8":13,"9":2,"10":11,"11":3,"12":8,"13":1,"14":7,"15":0,"16":7,"17":0,"18":7,"19":1,"20":6,"21":1,"22":5,"23":0,"24":5},"f":{"0":3,"1":3,"2":13},"b":{"0":[0,3],"1":[0,3],"2":[2,11],"3":[13,12,12,12],"4":[3,8],"5":[11,8,8],"6":[1,7],"7":[8,7,7,7],"8":[0,7],"9":[7,7],"10":[0,7],"11":[7,7,7],"12":[1,6],"13":[7,6,6,6],"14":[1,5],"15":[6,5,5],"16":[0,5],"17":[5,5,5]},"meta":{"lastBranch":18,"lastFunction":3,"lastStatement":25,"seen":{"f:14:16:14:32":0,"s:15:2:15:Infinity":0,"f:22:16:22:30":1,"s:23:15:23:Infinity":1,"b:24:2:24:Infinity:undefined:undefined:undefined:undefined":0,"s:24:2:24:Infinity":2,"s:24:17:24:Infinity":3,"b:25:2:25:Infinity:undefined:undefined:undefined:undefined":1,"s:25:2:25:Infinity":4,"s:25:17:25:Infinity":5,"s:26:2:26:Infinity":6,"f:34:16:34:29":2,"s:35:14:35:Infinity":7,"b:37:2:44:Infinity:undefined:undefined:undefined:undefined":2,"s:37:2:44:Infinity":8,"b:38:4:38:Infinity:39:4:39:Infinity:40:4:40:Infinity:41:4:41:Infinity":3,"s:43:4:43:Infinity":9,"b:46:2:52:Infinity:undefined:undefined:undefined:undefined":4,"s:46:2:52:Infinity":10,"b:47:4:47:Infinity:48:4:48:Infinity:49:4:49:Infinity":5,"s:51:4:51:Infinity":11,"b:54:2:61:Infinity:undefined:undefined:undefined:undefined":6,"s:54:2:61:Infinity":12,"b:55:4:55:Infinity:56:4:56:Infinity:57:4:57:Infinity:58:4:58:Infinity":7,"s:60:4:60:Infinity":13,"b:63:2:65:Infinity:undefined:undefined:undefined:undefined":8,"s:63:2:65:Infinity":14,"b:63:6:63:32:63:32:63:60":9,"s:64:4:64:Infinity":15,"b:67:2:69:Infinity:undefined:undefined:undefined:undefined":10,"s:67:2:69:Infinity":16,"b:67:6:67:32:67:32:67:63:67:63:67:85":11,"s:68:4:68:Infinity":17,"b:71:2:78:Infinity:undefined:undefined:undefined:undefined":12,"s:71:2:78:Infinity":18,"b:72:4:72:Infinity:73:4:73:Infinity:74:4:74:Infinity:75:4:75:Infinity":13,"s:77:4:77:Infinity":19,"b:80:2:82:Infinity:undefined:undefined:undefined:undefined":14,"s:80:2:82:Infinity":20,"b:80:6:80:32:80:32:80:55:80:55:80:83":15,"s:81:4:81:Infinity":21,"b:84:2:86:Infinity:undefined:undefined:undefined:undefined":16,"s:84:2:86:Infinity":22,"b:84:6:84:31:84:31:84:57:84:57:84:83":17,"s:85:4:85:Infinity":23,"s:88:2:88:Infinity":24}}}
}
