{"C:\\Promptwars\\carbonsaathi\\src\\components\\ActivitySection.jsx": {"path":"C:\\Promptwars\\carbonsaathi\\src\\components\\ActivitySection.jsx","statementMap":{"0":{"start":{"line":15,"column":17},"end":{"line":20,"column":null}},"1":{"start":{"line":26,"column":21},"end":{"line":31,"column":null}},"2":{"start":{"line":37,"column":23},"end":{"line":42,"column":null}},"3":{"start":{"line":55,"column":17},"end":{"line":55,"column":null}},"4":{"start":{"line":57,"column":8},"end":{"line":59,"column":null}},"5":{"start":{"line":58,"column":4},"end":{"line":58,"column":null}},"6":{"start":{"line":58,"column":24},"end":{"line":58,"column":29}},"7":{"start":{"line":61,"column":24},"end":{"line":61,"column":null}},"8":{"start":{"line":62,"column":18},"end":{"line":62,"column":null}},"9":{"start":{"line":63,"column":20},"end":{"line":63,"column":null}},"10":{"start":{"line":64,"column":20},"end":{"line":64,"column":null}},"11":{"start":{"line":66,"column":2},"end":{"line":116,"column":null}},"12":{"start":{"line":120,"column":0},"end":{"line":131,"column":null}}},"fnMap":{"0":{"name":"ActivitySection","decl":{"start":{"line":54,"column":9},"end":{"line":54,"column":25}},"loc":{"start":{"line":54,"column":69},"end":{"line":118,"column":null}},"line":54},"1":{"name":"(anonymous_1)","decl":{"start":{"line":57,"column":23},"end":{"line":57,"column":41}},"loc":{"start":{"line":57,"column":41},"end":{"line":59,"column":5}},"line":57},"2":{"name":"(anonymous_2)","decl":{"start":{"line":58,"column":4},"end":{"line":58,"column":15}},"loc":{"start":{"line":58,"column":24},"end":{"line":58,"column":29}},"line":58}},"branchMap":{"0":{"loc":{"start":{"line":62,"column":18},"end":{"line":62,"column":null}},"type":"binary-expr","locations":[{"start":{"line":62,"column":18},"end":{"line":62,"column":41}},{"start":{"line":62,"column":41},"end":{"line":62,"column":null}}],"line":62},"1":{"loc":{"start":{"line":63,"column":20},"end":{"line":63,"column":null}},"type":"binary-expr","locations":[{"start":{"line":63,"column":20},"end":{"line":63,"column":45}},{"start":{"line":63,"column":45},"end":{"line":63,"column":null}}],"line":63},"2":{"loc":{"start":{"line":81,"column":11},"end":{"line":82,"column":null}},"type":"binary-expr","locations":[{"start":{"line":81,"column":11},"end":{"line":81,"column":null}},{"start":{"line":82,"column":12},"end":{"line":82,"column":null}}],"line":81},"3":{"loc":{"start":{"line":99,"column":12},"end":{"line":99,"column":null}},"type":"cond-expr","locations":[{"start":{"line":99,"column":21},"end":{"line":99,"column":36}},{"start":{"line":99,"column":36},"end":{"line":99,"column":null}}],"line":99},"4":{"loc":{"start":{"line":106,"column":7},"end":{"line":116,"column":null}},"type":"binary-expr","locations":[{"start":{"line":106,"column":7},"end":{"line":106,"column":null}},{"start":{"line":107,"column":8},"end":{"line":116,"column":null}}],"line":106}},"s":{"0":0,"1":0,"2":0,"3":0,"4":0,"5":0,"6":0,"7":0,"8":0,"9":0,"10":0,"11":0,"12":0},"f":{"0":0,"1":0,"2":0},"b":{"0":[0,0],"1":[0,0],"2":[0,0],"3":[0,0],"4":[0,0]},"meta":{"lastBranch":5,"lastFunction":3,"lastStatement":13,"seen":{"s:15:17:20:Infinity":0,"s:26:21:31:Infinity":1,"s:37:23:42:Infinity":2,"f:54:9:54:25":0,"s:55:17:55:Infinity":3,"s:57:8:59:Infinity":4,"f:57:23:57:41":1,"s:58:4:58:Infinity":5,"f:58:4:58:15":2,"s:58:24:58:29":6,"s:61:24:61:Infinity":7,"s:62:18:62:Infinity":8,"b:62:18:62:41:62:41:62:Infinity":0,"s:63:20:63:Infinity":9,"b:63:20:63:45:63:45:63:Infinity":1,"s:64:20:64:Infinity":10,"s:66:2:116:Infinity":11,"b:81:11:81:Infinity:82:12:82:Infinity":2,"b:99:21:99:36:99:36:99:Infinity":3,"b:106:7:106:Infinity:107:8:116:Infinity":4,"s:120:0:131:Infinity":12}}}
,"C:\\Promptwars\\carbonsaathi\\src\\components\\CategoryCard.jsx": {"path":"C:\\Promptwars\\carbonsaathi\\src\\components\\CategoryCard.jsx","statementMap":{"0":{"start":{"line":13,"column":17},"end":{"line":18,"column":null}},"1":{"start":{"line":24,"column":22},"end":{"line":29,"column":null}},"2":{"start":{"line":35,"column":23},"end":{"line":40,"column":null}},"3":{"start":{"line":46,"column":18},"end":{"line":50,"column":null}},"4":{"start":{"line":59,"column":24},"end":{"line":59,"column":null}},"5":{"start":{"line":60,"column":16},"end":{"line":60,"column":null}},"6":{"start":{"line":61,"column":19},"end":{"line":61,"column":null}},"7":{"start":{"line":62,"column":20},"end":{"line":62,"column":null}},"8":{"start":{"line":64,"column":2},"end":{"line":101,"column":null}},"9":{"start":{"line":105,"column":0},"end":{"line":117,"column":null}}},"fnMap":{"0":{"name":"CategoryCard","decl":{"start":{"line":58,"column":9},"end":{"line":58,"column":22}},"loc":{"start":{"line":58,"column":36},"end":{"line":103,"column":null}},"line":58}},"branchMap":{"0":{"loc":{"start":{"line":61,"column":19},"end":{"line":61,"column":null}},"type":"binary-expr","locations":[{"start":{"line":61,"column":19},"end":{"line":61,"column":52}},{"start":{"line":61,"column":52},"end":{"line":61,"column":null}}],"line":61},"1":{"loc":{"start":{"line":62,"column":20},"end":{"line":62,"column":null}},"type":"binary-expr","locations":[{"start":{"line":62,"column":20},"end":{"line":62,"column":54}},{"start":{"line":62,"column":54},"end":{"line":62,"column":null}}],"line":62},"2":{"loc":{"start":{"line":69,"column":11},"end":{"line":75,"column":11}},"type":"binary-expr","locations":[{"start":{"line":69,"column":11},"end":{"line":69,"column":null}},{"start":{"line":70,"column":12},"end":{"line":75,"column":11}}],"line":69}},"s":{"0":1,"1":1,"2":1,"3":1,"4":6,"5":6,"6":6,"7":6,"8":6,"9":1},"f":{"0":6},"b":{"0":[6,0],"1":[6,0],"2":[6,6]},"meta":{"lastBranch":3,"lastFunction":1,"lastStatement":10,"seen":{"s:13:17:18:Infinity":0,"s:24:22:29:Infinity":1,"s:35:23:40:Infinity":2,"s:46:18:50:Infinity":3,"f:58:9:58:22":0,"s:59:24:59:Infinity":4,"s:60:16:60:Infinity":5,"s:61:19:61:Infinity":6,"b:61:19:61:52:61:52:61:Infinity":0,"s:62:20:62:Infinity":7,"b:62:20:62:54:62:54:62:Infinity":1,"s:64:2:101:Infinity":8,"b:69:11:69:Infinity:70:12:75:11":2,"s:105:0:117:Infinity":9}}}
,"C:\\Promptwars\\carbonsaathi\\src\\components\\ChatBubble.jsx": {"path":"C:\\Promptwars\\carbonsaathi\\src\\components\\ChatBubble.jsx","statementMap":{"0":{"start":{"line":18,"column":2},"end":{"line":33,"column":null}},"1":{"start":{"line":19,"column":4},"end":{"line":31,"column":null}},"2":{"start":{"line":35,"column":2},"end":{"line":58,"column":null}},"3":{"start":{"line":62,"column":0},"end":{"line":69,"column":null}}},"fnMap":{"0":{"name":"ChatBubble","decl":{"start":{"line":17,"column":9},"end":{"line":17,"column":20}},"loc":{"start":{"line":17,"column":50},"end":{"line":60,"column":null}},"line":17}},"branchMap":{"0":{"loc":{"start":{"line":18,"column":2},"end":{"line":33,"column":null}},"type":"if","locations":[{"start":{"line":18,"column":2},"end":{"line":33,"column":null}},{"start":{},"end":{}}],"line":18}},"s":{"0":4,"1":2,"2":2,"3":1},"f":{"0":4},"b":{"0":[2,2]},"meta":{"lastBranch":1,"lastFunction":1,"lastStatement":4,"seen":{"f:17:9:17:20":0,"b:18:2:33:Infinity:undefined:undefined:undefined:undefined":0,"s:18:2:33:Infinity":0,"s:19:4:31:Infinity":1,"s:35:2:58:Infinity":2,"s:62:0:69:Infinity":3}}}
,"C:\\Promptwars\\carbonsaathi\\src\\components\\ErrorBoundary.jsx": {"path":"C:\\Promptwars\\carbonsaathi\\src\\components\\ErrorBoundary.jsx","statementMap":{"0":{"start":{"line":21,"column":4},"end":{"line":21,"column":null}},"1":{"start":{"line":22,"column":4},"end":{"line":22,"column":null}},"2":{"start":{"line":30,"column":4},"end":{"line":30,"column":null}},"3":{"start":{"line":40,"column":4},"end":{"line":40,"column":null}},"4":{"start":{"line":41,"column":4},"end":{"line":41,"column":null}},"5":{"start":{"line":49,"column":4},"end":{"line":51,"column":null}},"6":{"start":{"line":50,"column":6},"end":{"line":50,"column":null}},"7":{"start":{"line":53,"column":4},"end":{"line":72,"column":null}},"8":{"start":{"line":80,"column":0},"end":{"line":82,"column":null}},"9":{"start":{"line":81,"column":2},"end":{"line":81,"column":null}},"10":{"start":{"line":84,"column":0},"end":{"line":87,"column":null}}},"fnMap":{"0":{"name":"constructor","decl":{"start":{"line":20,"column":2},"end":{"line":20,"column":14}},"loc":{"start":{"line":20,"column":21},"end":{"line":23,"column":null}},"line":20},"1":{"name":"getDerivedStateFromError","decl":{"start":{"line":29,"column":9},"end":{"line":29,"column":36}},"loc":{"start":{"line":29,"column":36},"end":{"line":31,"column":null}},"line":29},"2":{"name":"componentDidCatch","decl":{"start":{"line":38,"column":2},"end":{"line":38,"column":20}},"loc":{"start":{"line":38,"column":33},"end":{"line":42,"column":null}},"line":38},"3":{"name":"render","decl":{"start":{"line":48,"column":2},"end":{"line":48,"column":11}},"loc":{"start":{"line":48,"column":11},"end":{"line":74,"column":null}},"line":48},"4":{"name":"(anonymous_4)","decl":{"start":{"line":80,"column":14},"end":{"line":80,"column":36}},"loc":{"start":{"line":80,"column":36},"end":{"line":82,"column":null}},"line":80}},"branchMap":{"0":{"loc":{"start":{"line":49,"column":4},"end":{"line":51,"column":null}},"type":"if","locations":[{"start":{"line":49,"column":4},"end":{"line":51,"column":null}},{"start":{},"end":{}}],"line":49}},"s":{"0":0,"1":0,"2":0,"3":0,"4":0,"5":0,"6":0,"7":0,"8":0,"9":0,"10":0},"f":{"0":0,"1":0,"2":0,"3":0,"4":0},"b":{"0":[0,0]},"meta":{"lastBranch":1,"lastFunction":5,"lastStatement":11,"seen":{"f:20:2:20:14":0,"s:21:4:21:Infinity":0,"s:22:4:22:Infinity":1,"f:29:9:29:36":1,"s:30:4:30:Infinity":2,"f:38:2:38:20":2,"s:40:4:40:Infinity":3,"s:41:4:41:Infinity":4,"f:48:2:48:11":3,"b:49:4:51:Infinity:undefined:undefined:undefined:undefined":0,"s:49:4:51:Infinity":5,"s:50:6:50:Infinity":6,"s:53:4:72:Infinity":7,"s:80:0:82:Infinity":8,"f:80:14:80:36":4,"s:81:2:81:Infinity":9,"s:84:0:87:Infinity":10}}}
,"C:\\Promptwars\\carbonsaathi\\src\\components\\Navbar.jsx": {"path":"C:\\Promptwars\\carbonsaathi\\src\\components\\Navbar.jsx","statementMap":{"0":{"start":{"line":15,"column":18},"end":{"line":19,"column":null}},"1":{"start":{"line":28,"column":15},"end":{"line":28,"column":null}},"2":{"start":{"line":29,"column":2},"end":{"line":31,"column":null}},"3":{"start":{"line":41,"column":15},"end":{"line":41,"column":null}},"4":{"start":{"line":42,"column":2},"end":{"line":44,"column":null}},"5":{"start":{"line":52,"column":17},"end":{"line":52,"column":null}},"6":{"start":{"line":54,"column":8},"end":{"line":56,"column":null}},"7":{"start":{"line":55,"column":4},"end":{"line":55,"column":null}},"8":{"start":{"line":55,"column":24},"end":{"line":55,"column":29}},"9":{"start":{"line":58,"column":8},"end":{"line":60,"column":null}},"10":{"start":{"line":59,"column":4},"end":{"line":59,"column":null}},"11":{"start":{"line":62,"column":2},"end":{"line":129,"column":null}},"12":{"start":{"line":80,"column":12},"end":{"line":87,"column":null}},"13":{"start":{"line":116,"column":12},"end":{"line":125,"column":null}}},"fnMap":{"0":{"name":"getDesktopLinkClass","decl":{"start":{"line":27,"column":9},"end":{"line":27,"column":29}},"loc":{"start":{"line":27,"column":43},"end":{"line":32,"column":null}},"line":27},"1":{"name":"getMobileLinkClass","decl":{"start":{"line":40,"column":9},"end":{"line":40,"column":28}},"loc":{"start":{"line":40,"column":42},"end":{"line":45,"column":null}},"line":40},"2":{"name":"Navbar","decl":{"start":{"line":51,"column":9},"end":{"line":51,"column":18}},"loc":{"start":{"line":51,"column":18},"end":{"line":131,"column":null}},"line":51},"3":{"name":"(anonymous_3)","decl":{"start":{"line":54,"column":23},"end":{"line":54,"column":41}},"loc":{"start":{"line":54,"column":41},"end":{"line":56,"column":5}},"line":54},"4":{"name":"(anonymous_4)","decl":{"start":{"line":55,"column":4},"end":{"line":55,"column":15}},"loc":{"start":{"line":55,"column":24},"end":{"line":55,"column":29}},"line":55},"5":{"name":"(anonymous_5)","decl":{"start":{"line":58,"column":26},"end":{"line":58,"column":44}},"loc":{"start":{"line":58,"column":44},"end":{"line":60,"column":5}},"line":58},"6":{"name":"(anonymous_6)","decl":{"start":{"line":79,"column":21},"end":{"line":79,"column":26}},"loc":{"start":{"line":80,"column":12},"end":{"line":87,"column":null}},"line":80},"7":{"name":"(anonymous_7)","decl":{"start":{"line":115,"column":21},"end":{"line":115,"column":26}},"loc":{"start":{"line":116,"column":12},"end":{"line":125,"column":null}},"line":116}},"branchMap":{"0":{"loc":{"start":{"line":29,"column":9},"end":{"line":31,"column":null}},"type":"cond-expr","locations":[{"start":{"line":30,"column":6},"end":{"line":30,"column":null}},{"start":{"line":31,"column":6},"end":{"line":31,"column":null}}],"line":29},"1":{"loc":{"start":{"line":42,"column":9},"end":{"line":44,"column":null}},"type":"cond-expr","locations":[{"start":{"line":43,"column":6},"end":{"line":43,"column":null}},{"start":{"line":44,"column":6},"end":{"line":44,"column":null}}],"line":42},"2":{"loc":{"start":{"line":100,"column":11},"end":{"line":103,"column":null}},"type":"cond-expr","locations":[{"start":{"line":101,"column":12},"end":{"line":103,"column":13}},{"start":{"line":103,"column":12},"end":{"line":103,"column":null}}],"line":100},"3":{"loc":{"start":{"line":109,"column":7},"end":{"line":129,"column":null}},"type":"binary-expr","locations":[{"start":{"line":109,"column":7},"end":{"line":109,"column":null}},{"start":{"line":110,"column":8},"end":{"line":129,"column":null}}],"line":109}},"s":{"0":0,"1":0,"2":0,"3":0,"4":0,"5":0,"6":0,"7":0,"8":0,"9":0,"10":0,"11":0,"12":0,"13":0},"f":{"0":0,"1":0,"2":0,"3":0,"4":0,"5":0,"6":0,"7":0},"b":{"0":[0,0],"1":[0,0],"2":[0,0],"3":[0,0]},"meta":{"lastBranch":4,"lastFunction":8,"lastStatement":14,"seen":{"s:15:18:19:Infinity":0,"f:27:9:27:29":0,"s:28:15:28:Infinity":1,"s:29:2:31:Infinity":2,"b:30:6:30:Infinity:31:6:31:Infinity":0,"f:40:9:40:28":1,"s:41:15:41:Infinity":3,"s:42:2:44:Infinity":4,"b:43:6:43:Infinity:44:6:44:Infinity":1,"f:51:9:51:18":2,"s:52:17:52:Infinity":5,"s:54:8:56:Infinity":6,"f:54:23:54:41":3,"s:55:4:55:Infinity":7,"f:55:4:55:15":4,"s:55:24:55:29":8,"s:58:8:60:Infinity":9,"f:58:26:58:44":5,"s:59:4:59:Infinity":10,"s:62:2:129:Infinity":11,"f:79:21:79:26":6,"s:80:12:87:Infinity":12,"b:101:12:103:13:103:12:103:Infinity":2,"b:109:7:109:Infinity:110:8:129:Infinity":3,"f:115:21:115:26":7,"s:116:12:125:Infinity":13}}}
,"C:\\Promptwars\\carbonsaathi\\src\\components\\ScoreRing.jsx": {"path":"C:\\Promptwars\\carbonsaathi\\src\\components\\ScoreRing.jsx","statementMap":{"0":{"start":{"line":17,"column":17},"end":{"line":17,"column":null}},"1":{"start":{"line":18,"column":17},"end":{"line":18,"column":null}},"2":{"start":{"line":19,"column":24},"end":{"line":19,"column":null}},"3":{"start":{"line":20,"column":17},"end":{"line":20,"column":null}},"4":{"start":{"line":22,"column":19},"end":{"line":22,"column":null}},"5":{"start":{"line":23,"column":19},"end":{"line":23,"column":null}},"6":{"start":{"line":24,"column":20},"end":{"line":24,"column":null}},"7":{"start":{"line":25,"column":21},"end":{"line":25,"column":null}},"8":{"start":{"line":27,"column":2},"end":{"line":92,"column":null}},"9":{"start":{"line":96,"column":0},"end":{"line":103,"column":null}}},"fnMap":{"0":{"name":"ScoreRing","decl":{"start":{"line":16,"column":9},"end":{"line":16,"column":19}},"loc":{"start":{"line":16,"column":56},"end":{"line":94,"column":null}},"line":16}},"branchMap":{"0":{"loc":{"start":{"line":16,"column":28},"end":{"line":16,"column":39}},"type":"default-arg","locations":[{"start":{"line":16,"column":35},"end":{"line":16,"column":39}}],"line":16},"1":{"loc":{"start":{"line":16,"column":39},"end":{"line":16,"column":56}},"type":"default-arg","locations":[{"start":{"line":16,"column":47},"end":{"line":16,"column":56}}],"line":16},"2":{"loc":{"start":{"line":22,"column":19},"end":{"line":22,"column":null}},"type":"cond-expr","locations":[{"start":{"line":22,"column":27},"end":{"line":22,"column":53}},{"start":{"line":22,"column":53},"end":{"line":22,"column":null}}],"line":22},"3":{"loc":{"start":{"line":23,"column":19},"end":{"line":23,"column":null}},"type":"cond-expr","locations":[{"start":{"line":23,"column":27},"end":{"line":23,"column":37}},{"start":{"line":23,"column":37},"end":{"line":23,"column":null}}],"line":23},"4":{"loc":{"start":{"line":24,"column":20},"end":{"line":24,"column":null}},"type":"cond-expr","locations":[{"start":{"line":24,"column":28},"end":{"line":24,"column":43}},{"start":{"line":24,"column":43},"end":{"line":24,"column":null}}],"line":24},"5":{"loc":{"start":{"line":25,"column":21},"end":{"line":25,"column":null}},"type":"cond-expr","locations":[{"start":{"line":25,"column":29},"end":{"line":25,"column":47}},{"start":{"line":25,"column":47},"end":{"line":25,"column":null}}],"line":25},"6":{"loc":{"start":{"line":35,"column":7},"end":{"line":41,"column":null}},"type":"binary-expr","locations":[{"start":{"line":35,"column":7},"end":{"line":35,"column":null}},{"start":{"line":36,"column":8},"end":{"line":41,"column":null}}],"line":35}},"s":{"0":0,"1":0,"2":0,"3":0,"4":0,"5":0,"6":0,"7":0,"8":0,"9":0},"f":{"0":0},"b":{"0":[0],"1":[0],"2":[0,0],"3":[0,0],"4":[0,0],"5":[0,0],"6":[0,0]},"meta":{"lastBranch":7,"lastFunction":1,"lastStatement":10,"seen":{"f:16:9:16:19":0,"b:16:35:16:39":0,"b:16:47:16:56":1,"s:17:17:17:Infinity":0,"s:18:17:18:Infinity":1,"s:19:24:19:Infinity":2,"s:20:17:20:Infinity":3,"s:22:19:22:Infinity":4,"b:22:27:22:53:22:53:22:Infinity":2,"s:23:19:23:Infinity":5,"b:23:27:23:37:23:37:23:Infinity":3,"s:24:20:24:Infinity":6,"b:24:28:24:43:24:43:24:Infinity":4,"s:25:21:25:Infinity":7,"b:25:29:25:47:25:47:25:Infinity":5,"s:27:2:92:Infinity":8,"b:35:7:35:Infinity:36:8:41:Infinity":6,"s:96:0:103:Infinity":9}}}
,"C:\\Promptwars\\carbonsaathi\\src\\components\\StatusBadge.jsx": {"path":"C:\\Promptwars\\carbonsaathi\\src\\components\\StatusBadge.jsx","statementMap":{"0":{"start":{"line":12,"column":24},"end":{"line":19,"column":null}},"1":{"start":{"line":29,"column":23},"end":{"line":29,"column":null}},"2":{"start":{"line":31,"column":2},"end":{"line":36,"column":null}},"3":{"start":{"line":40,"column":0},"end":{"line":52,"column":null}}},"fnMap":{"0":{"name":"StatusBadge","decl":{"start":{"line":28,"column":9},"end":{"line":28,"column":21}},"loc":{"start":{"line":28,"column":41},"end":{"line":38,"column":null}},"line":28}},"branchMap":{"0":{"loc":{"start":{"line":29,"column":23},"end":{"line":29,"column":null}},"type":"binary-expr","locations":[{"start":{"line":29,"column":23},"end":{"line":29,"column":51}},{"start":{"line":29,"column":51},"end":{"line":29,"column":null}}],"line":29}},"s":{"0":1,"1":7,"2":7,"3":1},"f":{"0":7},"b":{"0":[7,0]},"meta":{"lastBranch":1,"lastFunction":1,"lastStatement":4,"seen":{"s:12:24:19:Infinity":0,"f:28:9:28:21":0,"s:29:23:29:Infinity":1,"b:29:23:29:51:29:51:29:Infinity":0,"s:31:2:36:Infinity":2,"s:40:0:52:Infinity":3}}}
,"C:\\Promptwars\\carbonsaathi\\src\\components\\TipCard.jsx": {"path":"C:\\Promptwars\\carbonsaathi\\src\\components\\TipCard.jsx","statementMap":{"0":{"start":{"line":14,"column":25},"end":{"line":18,"column":null}},"1":{"start":{"line":24,"column":22},"end":{"line":28,"column":null}},"2":{"start":{"line":38,"column":22},"end":{"line":38,"column":null}},"3":{"start":{"line":39,"column":19},"end":{"line":39,"column":null}},"4":{"start":{"line":44,"column":8},"end":{"line":46,"column":null}},"5":{"start":{"line":45,"column":4},"end":{"line":45,"column":null}},"6":{"start":{"line":48,"column":2},"end":{"line":83,"column":null}},"7":{"start":{"line":87,"column":0},"end":{"line":98,"column":null}}},"fnMap":{"0":{"name":"TipCard","decl":{"start":{"line":37,"column":9},"end":{"line":37,"column":17}},"loc":{"start":{"line":37,"column":38},"end":{"line":85,"column":null}},"line":37},"1":{"name":"(anonymous_1)","decl":{"start":{"line":44,"column":25},"end":{"line":44,"column":43}},"loc":{"start":{"line":44,"column":43},"end":{"line":46,"column":5}},"line":44}},"branchMap":{"0":{"loc":{"start":{"line":38,"column":22},"end":{"line":38,"column":null}},"type":"binary-expr","locations":[{"start":{"line":38,"column":22},"end":{"line":38,"column":53}},{"start":{"line":38,"column":53},"end":{"line":38,"column":null}}],"line":38},"1":{"loc":{"start":{"line":39,"column":19},"end":{"line":39,"column":null}},"type":"binary-expr","locations":[{"start":{"line":39,"column":19},"end":{"line":39,"column":47}},{"start":{"line":39,"column":47},"end":{"line":39,"column":null}}],"line":39},"2":{"loc":{"start":{"line":72,"column":10},"end":{"line":74,"column":null}},"type":"cond-expr","locations":[{"start":{"line":73,"column":14},"end":{"line":73,"column":null}},{"start":{"line":74,"column":14},"end":{"line":74,"column":null}}],"line":72},"3":{"loc":{"start":{"line":77,"column":9},"end":{"line":80,"column":null}},"type":"cond-expr","locations":[{"start":{"line":78,"column":10},"end":{"line":80,"column":11}},{"start":{"line":80,"column":10},"end":{"line":80,"column":null}}],"line":77}},"s":{"0":0,"1":0,"2":0,"3":0,"4":0,"5":0,"6":0,"7":0},"f":{"0":0,"1":0},"b":{"0":[0,0],"1":[0,0],"2":[0,0],"3":[0,0]},"meta":{"lastBranch":4,"lastFunction":2,"lastStatement":8,"seen":{"s:14:25:18:Infinity":0,"s:24:22:28:Infinity":1,"f:37:9:37:17":0,"s:38:22:38:Infinity":2,"b:38:22:38:53:38:53:38:Infinity":0,"s:39:19:39:Infinity":3,"b:39:19:39:47:39:47:39:Infinity":1,"s:44:8:46:Infinity":4,"f:44:25:44:43":1,"s:45:4:45:Infinity":5,"s:48:2:83:Infinity":6,"b:73:14:73:Infinity:74:14:74:Infinity":2,"b:78:10:80:11:80:10:80:Infinity":3,"s:87:0:98:Infinity":7}}}
,"C:\\Promptwars\\carbonsaathi\\src\\components\\WeeklyChart.jsx": {"path":"C:\\Promptwars\\carbonsaathi\\src\\components\\WeeklyChart.jsx","statementMap":{"0":{"start":{"line":17,"column":8},"end":{"line":20,"column":null}},"1":{"start":{"line":18,"column":10},"end":{"line":18,"column":null}},"2":{"start":{"line":18,"column":38},"end":{"line":18,"column":45}},"3":{"start":{"line":22,"column":2},"end":{"line":82,"column":null}},"4":{"start":{"line":39,"column":34},"end":{"line":39,"column":null}},"5":{"start":{"line":41,"column":12},"end":{"line":77,"column":null}},"6":{"start":{"line":86,"column":0},"end":{"line":95,"column":null}}},"fnMap":{"0":{"name":"WeeklyChart","decl":{"start":{"line":16,"column":9},"end":{"line":16,"column":21}},"loc":{"start":{"line":16,"column":31},"end":{"line":84,"column":null}},"line":16},"1":{"name":"(anonymous_1)","decl":{"start":{"line":17,"column":17},"end":{"line":17,"column":null}},"loc":{"start":{"line":18,"column":10},"end":{"line":18,"column":null}},"line":18},"2":{"name":"(anonymous_2)","decl":{"start":{"line":18,"column":27},"end":{"line":18,"column":32}},"loc":{"start":{"line":18,"column":38},"end":{"line":18,"column":45}},"line":18},"3":{"name":"(anonymous_3)","decl":{"start":{"line":38,"column":16},"end":{"line":38,"column":21}},"loc":{"start":{"line":38,"column":30},"end":{"line":79,"column":11}},"line":38}},"branchMap":{"0":{"loc":{"start":{"line":39,"column":34},"end":{"line":39,"column":null}},"type":"cond-expr","locations":[{"start":{"line":39,"column":48},"end":{"line":39,"column":77}},{"start":{"line":39,"column":77},"end":{"line":39,"column":null}}],"line":39},"1":{"loc":{"start":{"line":48,"column":19},"end":{"line":51,"column":null}},"type":"binary-expr","locations":[{"start":{"line":48,"column":19},"end":{"line":48,"column":null}},{"start":{"line":49,"column":20},"end":{"line":51,"column":null}}],"line":48},"2":{"loc":{"start":{"line":58,"column":20},"end":{"line":58,"column":null}},"type":"cond-expr","locations":[{"start":{"line":58,"column":35},"end":{"line":58,"column":50}},{"start":{"line":58,"column":50},"end":{"line":58,"column":null}}],"line":58},"3":{"loc":{"start":{"line":70,"column":20},"end":{"line":72,"column":null}},"type":"cond-expr","locations":[{"start":{"line":71,"column":24},"end":{"line":71,"column":null}},{"start":{"line":72,"column":24},"end":{"line":72,"column":null}}],"line":70}},"s":{"0":0,"1":0,"2":0,"3":0,"4":0,"5":0,"6":0},"f":{"0":0,"1":0,"2":0,"3":0},"b":{"0":[0,0],"1":[0,0],"2":[0,0],"3":[0,0]},"meta":{"lastBranch":4,"lastFunction":4,"lastStatement":7,"seen":{"f:16:9:16:21":0,"s:17:8:20:Infinity":0,"f:17:17:17:Infinity":1,"s:18:10:18:Infinity":1,"f:18:27:18:32":2,"s:18:38:18:45":2,"s:22:2:82:Infinity":3,"f:38:16:38:21":3,"s:39:34:39:Infinity":4,"b:39:48:39:77:39:77:39:Infinity":0,"s:41:12:77:Infinity":5,"b:48:19:48:Infinity:49:20:51:Infinity":1,"b:58:35:58:50:58:50:58:Infinity":2,"b:71:24:71:Infinity:72:24:72:Infinity":3,"s:86:0:95:Infinity":6}}}
,"C:\\Promptwars\\carbonsaathi\\src\\hooks\\useChat.js": {"path":"C:\\Promptwars\\carbonsaathi\\src\\hooks\\useChat.js","statementMap":{"0":{"start":{"line":18,"column":19},"end":{"line":18,"column":null}},"1":{"start":{"line":18,"column":49},"end":{"line":18,"column":66}},"2":{"start":{"line":19,"column":16},"end":{"line":19,"column":null}},"3":{"start":{"line":20,"column":19},"end":{"line":20,"column":null}},"4":{"start":{"line":21,"column":16},"end":{"line":21,"column":null}},"5":{"start":{"line":22,"column":21},"end":{"line":22,"column":null}},"6":{"start":{"line":29,"column":8},"end":{"line":84,"column":null}},"7":{"start":{"line":31,"column":10},"end":{"line":31,"column":null}},"8":{"start":{"line":32,"column":4},"end":{"line":32,"column":null}},"9":{"start":{"line":32,"column":15},"end":{"line":32,"column":null}},"10":{"start":{"line":34,"column":4},"end":{"line":34,"column":null}},"11":{"start":{"line":37,"column":20},"end":{"line":44,"column":null}},"12":{"start":{"line":46,"column":4},"end":{"line":46,"column":null}},"13":{"start":{"line":46,"column":26},"end":{"line":46,"column":44}},"14":{"start":{"line":47,"column":4},"end":{"line":47,"column":null}},"15":{"start":{"line":48,"column":4},"end":{"line":48,"column":null}},"16":{"start":{"line":50,"column":4},"end":{"line":54,"column":null}},"17":{"start":{"line":56,"column":4},"end":{"line":83,"column":null}},"18":{"start":{"line":57,"column":20},"end":{"line":57,"column":null}},"19":{"start":{"line":60,"column":20},"end":{"line":67,"column":null}},"20":{"start":{"line":69,"column":6},"end":{"line":69,"column":null}},"21":{"start":{"line":69,"column":28},"end":{"line":69,"column":44}},"22":{"start":{"line":72,"column":6},"end":{"line":76,"column":null}},"23":{"start":{"line":72,"column":30},"end":{"line":76,"column":7}},"24":{"start":{"line":79,"column":6},"end":{"line":79,"column":null}},"25":{"start":{"line":80,"column":6},"end":{"line":80,"column":null}},"26":{"start":{"line":82,"column":6},"end":{"line":82,"column":null}},"27":{"start":{"line":91,"column":8},"end":{"line":96,"column":null}},"28":{"start":{"line":92,"column":4},"end":{"line":95,"column":null}},"29":{"start":{"line":93,"column":6},"end":{"line":93,"column":null}},"30":{"start":{"line":94,"column":6},"end":{"line":94,"column":null}},"31":{"start":{"line":98,"column":2},"end":{"line":106,"column":null}}},"fnMap":{"0":{"name":"useChat","decl":{"start":{"line":17,"column":16},"end":{"line":17,"column":24}},"loc":{"start":{"line":17,"column":38},"end":{"line":107,"column":null}},"line":17},"1":{"name":"(anonymous_1)","decl":{"start":{"line":18,"column":34},"end":{"line":18,"column":49}},"loc":{"start":{"line":18,"column":49},"end":{"line":18,"column":66}},"line":18},"2":{"name":"(anonymous_2)","decl":{"start":{"line":29,"column":34},"end":{"line":29,"column":41}},"loc":{"start":{"line":29,"column":58},"end":{"line":84,"column":5}},"line":29},"3":{"name":"(anonymous_3)","decl":{"start":{"line":46,"column":4},"end":{"line":46,"column":17}},"loc":{"start":{"line":46,"column":26},"end":{"line":46,"column":44}},"line":46},"4":{"name":"(anonymous_4)","decl":{"start":{"line":69,"column":6},"end":{"line":69,"column":19}},"loc":{"start":{"line":69,"column":28},"end":{"line":69,"column":44}},"line":69},"5":{"name":"(anonymous_5)","decl":{"start":{"line":72,"column":6},"end":{"line":72,"column":21}},"loc":{"start":{"line":72,"column":30},"end":{"line":76,"column":7}},"line":72},"6":{"name":"(anonymous_6)","decl":{"start":{"line":91,"column":24},"end":{"line":91,"column":37}},"loc":{"start":{"line":91,"column":43},"end":{"line":96,"column":5}},"line":91}},"branchMap":{"0":{"loc":{"start":{"line":31,"column":18},"end":{"line":31,"column":75}},"type":"cond-expr","locations":[{"start":{"line":31,"column":53},"end":{"line":31,"column":68}},{"start":{"line":31,"column":68},"end":{"line":31,"column":75}}],"line":31},"1":{"loc":{"start":{"line":32,"column":4},"end":{"line":32,"column":null}},"type":"if","locations":[{"start":{"line":32,"column":4},"end":{"line":32,"column":null}},{"start":{},"end":{}}],"line":32},"2":{"loc":{"start":{"line":52,"column":6},"end":{"line":52,"column":null}},"type":"cond-expr","locations":[{"start":{"line":52,"column":41},"end":{"line":52,"column":60}},{"start":{"line":52,"column":60},"end":{"line":52,"column":null}}],"line":52},"3":{"loc":{"start":{"line":53,"column":6},"end":{"line":53,"column":null}},"type":"cond-expr","locations":[{"start":{"line":53,"column":41},"end":{"line":53,"column":56}},{"start":{"line":53,"column":56},"end":{"line":53,"column":null}}],"line":53},"4":{"loc":{"start":{"line":92,"column":4},"end":{"line":95,"column":null}},"type":"if","locations":[{"start":{"line":92,"column":4},"end":{"line":95,"column":null}},{"start":{},"end":{}}],"line":92},"5":{"loc":{"start":{"line":92,"column":8},"end":{"line":92,"column":42}},"type":"binary-expr","locations":[{"start":{"line":92,"column":8},"end":{"line":92,"column":29}},{"start":{"line":92,"column":29},"end":{"line":92,"column":42}}],"line":92}},"s":{"0":0,"1":0,"2":0,"3":0,"4":0,"5":0,"6":0,"7":0,"8":0,"9":0,"10":0,"11":0,"12":0,"13":0,"14":0,"15":0,"16":0,"17":0,"18":0,"19":0,"20":0,"21":0,"22":0,"23":0,"24":0,"25":0,"26":0,"27":0,"28":0,"29":0,"30":0,"31":0},"f":{"0":0,"1":0,"2":0,"3":0,"4":0,"5":0,"6":0},"b":{"0":[0,0],"1":[0,0],"2":[0,0],"3":[0,0],"4":[0,0],"5":[0,0]},"meta":{"lastBranch":6,"lastFunction":7,"lastStatement":32,"seen":{"f:17:16:17:24":0,"s:18:19:18:Infinity":0,"f:18:34:18:49":1,"s:18:49:18:66":1,"s:19:16:19:Infinity":2,"s:20:19:20:Infinity":3,"s:21:16:21:Infinity":4,"s:22:21:22:Infinity":5,"s:29:8:84:Infinity":6,"f:29:34:29:41":2,"s:31:10:31:Infinity":7,"b:31:53:31:68:31:68:31:75":0,"b:32:4:32:Infinity:undefined:undefined:undefined:undefined":1,"s:32:4:32:Infinity":8,"s:32:15:32:Infinity":9,"s:34:4:34:Infinity":10,"s:37:20:44:Infinity":11,"s:46:4:46:Infinity":12,"f:46:4:46:17":3,"s:46:26:46:44":13,"s:47:4:47:Infinity":14,"s:48:4:48:Infinity":15,"s:50:4:54:Infinity":16,"b:52:41:52:60:52:60:52:Infinity":2,"b:53:41:53:56:53:56:53:Infinity":3,"s:56:4:83:Infinity":17,"s:57:20:57:Infinity":18,"s:60:20:67:Infinity":19,"s:69:6:69:Infinity":20,"f:69:6:69:19":4,"s:69:28:69:44":21,"s:72:6:76:Infinity":22,"f:72:6:72:21":5,"s:72:30:76:7":23,"s:79:6:79:Infinity":24,"s:80:6:80:Infinity":25,"s:82:6:82:Infinity":26,"s:91:8:96:Infinity":27,"f:91:24:91:37":6,"b:92:4:95:Infinity:undefined:undefined:undefined:undefined":4,"s:92:4:95:Infinity":28,"b:92:8:92:29:92:29:92:42":5,"s:93:6:93:Infinity":29,"s:94:6:94:Infinity":30,"s:98:2:106:Infinity":31}}}
,"C:\\Promptwars\\carbonsaathi\\src\\hooks\\useLog.js": {"path":"C:\\Promptwars\\carbonsaathi\\src\\hooks\\useLog.js","statementMap":{"0":{"start":{"line":31,"column":24},"end":{"line":31,"column":null}},"1":{"start":{"line":32,"column":22},"end":{"line":32,"column":null}},"2":{"start":{"line":35,"column":19},"end":{"line":35,"column":null}},"3":{"start":{"line":36,"column":20},"end":{"line":36,"column":null}},"4":{"start":{"line":39,"column":18},"end":{"line":39,"column":null}},"5":{"start":{"line":40,"column":19},"end":{"line":40,"column":null}},"6":{"start":{"line":41,"column":20},"end":{"line":41,"column":null}},"7":{"start":{"line":44,"column":23},"end":{"line":44,"column":null}},"8":{"start":{"line":45,"column":24},"end":{"line":45,"column":null}},"9":{"start":{"line":48,"column":18},"end":{"line":48,"column":null}},"10":{"start":{"line":49,"column":20},"end":{"line":49,"column":null}},"11":{"start":{"line":53,"column":8},"end":{"line":56,"column":null}},"12":{"start":{"line":53,"column":23},"end":{"line":54,"column":null}},"13":{"start":{"line":59,"column":8},"end":{"line":62,"column":null}},"14":{"start":{"line":59,"column":18},"end":{"line":60,"column":null}},"15":{"start":{"line":65,"column":8},"end":{"line":68,"column":null}},"16":{"start":{"line":65,"column":20},"end":{"line":66,"column":null}},"17":{"start":{"line":71,"column":8},"end":{"line":74,"column":null}},"18":{"start":{"line":71,"column":22},"end":{"line":72,"column":null}},"19":{"start":{"line":77,"column":8},"end":{"line":85,"column":null}},"20":{"start":{"line":77,"column":19},"end":{"line":83,"column":null}},"21":{"start":{"line":94,"column":8},"end":{"line":96,"column":null}},"22":{"start":{"line":95,"column":4},"end":{"line":95,"column":null}},"23":{"start":{"line":105,"column":8},"end":{"line":107,"column":null}},"24":{"start":{"line":106,"column":4},"end":{"line":106,"column":null}},"25":{"start":{"line":117,"column":8},"end":{"line":125,"column":null}},"26":{"start":{"line":118,"column":16},"end":{"line":118,"column":null}},"27":{"start":{"line":119,"column":19},"end":{"line":119,"column":null}},"28":{"start":{"line":120,"column":4},"end":{"line":123,"column":null}},"29":{"start":{"line":121,"column":6},"end":{"line":121,"column":null}},"30":{"start":{"line":122,"column":6},"end":{"line":122,"column":null}},"31":{"start":{"line":124,"column":4},"end":{"line":124,"column":null}},"32":{"start":{"line":131,"column":8},"end":{"line":150,"column":null}},"33":{"start":{"line":132,"column":18},"end":{"line":138,"column":null}},"34":{"start":{"line":141,"column":4},"end":{"line":141,"column":null}},"35":{"start":{"line":143,"column":4},"end":{"line":143,"column":null}},"36":{"start":{"line":145,"column":4},"end":{"line":145,"column":null}},"37":{"start":{"line":146,"column":4},"end":{"line":146,"column":null}},"38":{"start":{"line":149,"column":4},"end":{"line":149,"column":null}},"39":{"start":{"line":149,"column":21},"end":{"line":149,"column":41}},"40":{"start":{"line":152,"column":2},"end":{"line":173,"column":null}}},"fnMap":{"0":{"name":"useLog","decl":{"start":{"line":29,"column":16},"end":{"line":29,"column":23}},"loc":{"start":{"line":29,"column":69},"end":{"line":174,"column":null}},"line":29},"1":{"name":"(anonymous_1)","decl":{"start":{"line":53,"column":23},"end":{"line":53,"column":null}},"loc":{"start":{"line":53,"column":23},"end":{"line":54,"column":null}},"line":53},"2":{"name":"(anonymous_2)","decl":{"start":{"line":59,"column":18},"end":{"line":59,"column":null}},"loc":{"start":{"line":59,"column":18},"end":{"line":60,"column":null}},"line":59},"3":{"name":"(anonymous_3)","decl":{"start":{"line":65,"column":20},"end":{"line":65,"column":null}},"loc":{"start":{"line":65,"column":20},"end":{"line":66,"column":null}},"line":65},"4":{"name":"(anonymous_4)","decl":{"start":{"line":71,"column":22},"end":{"line":71,"column":null}},"loc":{"start":{"line":71,"column":22},"end":{"line":72,"column":null}},"line":71},"5":{"name":"(anonymous_5)","decl":{"start":{"line":77,"column":19},"end":{"line":77,"column":null}},"loc":{"start":{"line":77,"column":19},"end":{"line":83,"column":null}},"line":77},"6":{"name":"(anonymous_6)","decl":{"start":{"line":94,"column":20},"end":{"line":94,"column":33}},"loc":{"start":{"line":94,"column":68},"end":{"line":96,"column":5}},"line":94},"7":{"name":"(anonymous_7)","decl":{"start":{"line":105,"column":20},"end":{"line":105,"column":33}},"loc":{"start":{"line":105,"column":68},"end":{"line":107,"column":5}},"line":105},"8":{"name":"(anonymous_8)","decl":{"start":{"line":117,"column":29},"end":{"line":117,"column":42}},"loc":{"start":{"line":117,"column":66},"end":{"line":125,"column":5}},"line":117},"9":{"name":"(anonymous_9)","decl":{"start":{"line":131,"column":18},"end":{"line":131,"column":36}},"loc":{"start":{"line":131,"column":36},"end":{"line":150,"column":5}},"line":131},"10":{"name":"(anonymous_10)","decl":{"start":{"line":149,"column":4},"end":{"line":149,"column":21}},"loc":{"start":{"line":149,"column":21},"end":{"line":149,"column":41}},"line":149}},"branchMap":{"0":{"loc":{"start":{"line":94,"column":55},"end":{"line":94,"column":68}},"type":"default-arg","locations":[{"start":{"line":94,"column":62},"end":{"line":94,"column":68}}],"line":94},"1":{"loc":{"start":{"line":105,"column":55},"end":{"line":105,"column":68}},"type":"default-arg","locations":[{"start":{"line":105,"column":62},"end":{"line":105,"column":68}}],"line":105},"2":{"loc":{"start":{"line":120,"column":4},"end":{"line":123,"column":null}},"type":"if","locations":[{"start":{"line":120,"column":4},"end":{"line":123,"column":null}},{"start":{},"end":{}}],"line":120}},"s":{"0":0,"1":0,"2":0,"3":0,"4":0,"5":0,"6":0,"7":0,"8":0,"9":0,"10":0,"11":0,"12":0,"13":0,"14":0,"15":0,"16":0,"17":0,"18":0,"19":0,"20":0,"21":0,"22":0,"23":0,"24":0,"25":0,"26":0,"27":0,"28":0,"29":0,"30":0,"31":0,"32":0,"33":0,"34":0,"35":0,"36":0,"37":0,"38":0,"39":0,"40":0},"f":{"0":0,"1":0,"2":0,"3":0,"4":0,"5":0,"6":0,"7":0,"8":0,"9":0,"10":0},"b":{"0":[0],"1":[0],"2":[0,0]},"meta":{"lastBranch":3,"lastFunction":11,"lastStatement":41,"seen":{"f:29:16:29:23":0,"s:31:24:31:Infinity":0,"s:32:22:32:Infinity":1,"s:35:19:35:Infinity":2,"s:36:20:36:Infinity":3,"s:39:18:39:Infinity":4,"s:40:19:40:Infinity":5,"s:41:20:41:Infinity":6,"s:44:23:44:Infinity":7,"s:45:24:45:Infinity":8,"s:48:18:48:Infinity":9,"s:49:20:49:Infinity":10,"s:53:8:56:Infinity":11,"f:53:23:53:Infinity":1,"s:53:23:54:Infinity":12,"s:59:8:62:Infinity":13,"f:59:18:59:Infinity":2,"s:59:18:60:Infinity":14,"s:65:8:68:Infinity":15,"f:65:20:65:Infinity":3,"s:65:20:66:Infinity":16,"s:71:8:74:Infinity":17,"f:71:22:71:Infinity":4,"s:71:22:72:Infinity":18,"s:77:8:85:Infinity":19,"f:77:19:77:Infinity":5,"s:77:19:83:Infinity":20,"s:94:8:96:Infinity":21,"f:94:20:94:33":6,"b:94:62:94:68":0,"s:95:4:95:Infinity":22,"s:105:8:107:Infinity":23,"f:105:20:105:33":7,"b:105:62:105:68":1,"s:106:4:106:Infinity":24,"s:117:8:125:Infinity":25,"f:117:29:117:42":8,"s:118:16:118:Infinity":26,"s:119:19:119:Infinity":27,"b:120:4:123:Infinity:undefined:undefined:undefined:undefined":2,"s:120:4:123:Infinity":28,"s:121:6:121:Infinity":29,"s:122:6:122:Infinity":30,"s:124:4:124:Infinity":31,"s:131:8:150:Infinity":32,"f:131:18:131:36":9,"s:132:18:138:Infinity":33,"s:141:4:141:Infinity":34,"s:143:4:143:Infinity":35,"s:145:4:145:Infinity":36,"s:146:4:146:Infinity":37,"s:149:4:149:Infinity":38,"f:149:4:149:21":10,"s:149:21:149:41":39,"s:152:2:173:Infinity":40}}}
,"C:\\Promptwars\\carbonsaathi\\src\\hooks\\useTips.js": {"path":"C:\\Promptwars\\carbonsaathi\\src\\hooks\\useTips.js","statementMap":{"0":{"start":{"line":27,"column":15},"end":{"line":29,"column":null}},"1":{"start":{"line":28,"column":10},"end":{"line":28,"column":null}},"2":{"start":{"line":28,"column":31},"end":{"line":28,"column":53}},"3":{"start":{"line":36,"column":8},"end":{"line":46,"column":null}},"4":{"start":{"line":37,"column":4},"end":{"line":45,"column":null}},"5":{"start":{"line":38,"column":18},"end":{"line":38,"column":null}},"6":{"start":{"line":38,"column":35},"end":{"line":38,"column":49}},"7":{"start":{"line":39,"column":6},"end":{"line":41,"column":null}},"8":{"start":{"line":40,"column":8},"end":{"line":40,"column":null}},"9":{"start":{"line":42,"column":6},"end":{"line":44,"column":null}},"10":{"start":{"line":43,"column":8},"end":{"line":43,"column":null}},"11":{"start":{"line":49,"column":8},"end":{"line":52,"column":null}},"12":{"start":{"line":50,"column":10},"end":{"line":50,"column":null}},"13":{"start":{"line":50,"column":29},"end":{"line":50,"column":35}},"14":{"start":{"line":55,"column":8},"end":{"line":58,"column":null}},"15":{"start":{"line":56,"column":10},"end":{"line":56,"column":null}},"16":{"start":{"line":56,"column":29},"end":{"line":56,"column":35}},"17":{"start":{"line":56,"column":56},"end":{"line":56,"column":72}},"18":{"start":{"line":60,"column":2},"end":{"line":60,"column":null}}},"fnMap":{"0":{"name":"useTips","decl":{"start":{"line":26,"column":16},"end":{"line":26,"column":26}},"loc":{"start":{"line":26,"column":26},"end":{"line":61,"column":null}},"line":26},"1":{"name":"(anonymous_1)","decl":{"start":{"line":27,"column":26},"end":{"line":27,"column":null}},"loc":{"start":{"line":28,"column":10},"end":{"line":28,"column":null}},"line":28},"2":{"name":"(anonymous_2)","decl":{"start":{"line":28,"column":19},"end":{"line":28,"column":24}},"loc":{"start":{"line":28,"column":31},"end":{"line":28,"column":53}},"line":28},"3":{"name":"(anonymous_3)","decl":{"start":{"line":36,"column":22},"end":{"line":36,"column":35}},"loc":{"start":{"line":36,"column":45},"end":{"line":46,"column":5}},"line":36},"4":{"name":"(anonymous_4)","decl":{"start":{"line":37,"column":4},"end":{"line":37,"column":13}},"loc":{"start":{"line":37,"column":22},"end":{"line":45,"column":5}},"line":37},"5":{"name":"(anonymous_5)","decl":{"start":{"line":38,"column":23},"end":{"line":38,"column":29}},"loc":{"start":{"line":38,"column":35},"end":{"line":38,"column":49}},"line":38},"6":{"name":"(anonymous_6)","decl":{"start":{"line":42,"column":18},"end":{"line":42,"column":23}},"loc":{"start":{"line":43,"column":8},"end":{"line":43,"column":null}},"line":43},"7":{"name":"(anonymous_7)","decl":{"start":{"line":49,"column":25},"end":{"line":49,"column":null}},"loc":{"start":{"line":50,"column":10},"end":{"line":50,"column":null}},"line":50},"8":{"name":"(anonymous_8)","decl":{"start":{"line":50,"column":15},"end":{"line":50,"column":23}},"loc":{"start":{"line":50,"column":29},"end":{"line":50,"column":35}},"line":50},"9":{"name":"(anonymous_9)","decl":{"start":{"line":55,"column":23},"end":{"line":55,"column":null}},"loc":{"start":{"line":56,"column":10},"end":{"line":56,"column":null}},"line":56},"10":{"name":"(anonymous_10)","decl":{"start":{"line":56,"column":15},"end":{"line":56,"column":23}},"loc":{"start":{"line":56,"column":29},"end":{"line":56,"column":35}},"line":56},"11":{"name":"(anonymous_11)","decl":{"start":{"line":56,"column":37},"end":{"line":56,"column":45}},"loc":{"start":{"line":56,"column":56},"end":{"line":56,"column":72}},"line":56}},"branchMap":{"0":{"loc":{"start":{"line":39,"column":6},"end":{"line":41,"column":null}},"type":"if","locations":[{"start":{"line":39,"column":6},"end":{"line":41,"column":null}},{"start":{},"end":{}}],"line":39},"1":{"loc":{"start":{"line":39,"column":10},"end":{"line":39,"column":28}},"type":"binary-expr","locations":[{"start":{"line":39,"column":10},"end":{"line":39,"column":17}},{"start":{"line":39,"column":17},"end":{"line":39,"column":28}}],"line":39},"2":{"loc":{"start":{"line":43,"column":8},"end":{"line":43,"column":null}},"type":"cond-expr","locations":[{"start":{"line":43,"column":25},"end":{"line":43,"column":48}},{"start":{"line":43,"column":48},"end":{"line":43,"column":null}}],"line":43}},"s":{"0":0,"1":0,"2":0,"3":0,"4":0,"5":0,"6":0,"7":0,"8":0,"9":0,"10":0,"11":0,"12":0,"13":0,"14":0,"15":0,"16":0,"17":0,"18":0},"f":{"0":0,"1":0,"2":0,"3":0,"4":0,"5":0,"6":0,"7":0,"8":0,"9":0,"10":0,"11":0},"b":{"0":[0,0],"1":[0,0],"2":[0,0]},"meta":{"lastBranch":3,"lastFunction":12,"lastStatement":19,"seen":{"f:26:16:26:26":0,"s:27:15:29:Infinity":0,"f:27:26:27:Infinity":1,"s:28:10:28:Infinity":1,"f:28:19:28:24":2,"s:28:31:28:53":2,"s:36:8:46:Infinity":3,"f:36:22:36:35":3,"s:37:4:45:Infinity":4,"f:37:4:37:13":4,"s:38:18:38:Infinity":5,"f:38:23:38:29":5,"s:38:35:38:49":6,"b:39:6:41:Infinity:undefined:undefined:undefined:undefined":0,"s:39:6:41:Infinity":7,"b:39:10:39:17:39:17:39:28":1,"s:40:8:40:Infinity":8,"s:42:6:44:Infinity":9,"f:42:18:42:23":6,"s:43:8:43:Infinity":10,"b:43:25:43:48:43:48:43:Infinity":2,"s:49:8:52:Infinity":11,"f:49:25:49:Infinity":7,"s:50:10:50:Infinity":12,"f:50:15:50:23":8,"s:50:29:50:35":13,"s:55:8:58:Infinity":14,"f:55:23:55:Infinity":9,"s:56:10:56:Infinity":15,"f:56:15:56:23":10,"s:56:29:56:35":16,"f:56:37:56:45":11,"s:56:56:56:72":17,"s:60:2:60:Infinity":18}}}
,"C:\\Promptwars\\carbonsaathi\\src\\utils\\analytics.js": {"path":"C:\\Promptwars\\carbonsaathi\\src\\utils\\analytics.js","statementMap":{"0":{"start":{"line":15,"column":13},"end":{"line":15,"column":null}},"1":{"start":{"line":16,"column":2},"end":{"line":16,"column":null}},"2":{"start":{"line":16,"column":11},"end":{"line":16,"column":null}},"3":{"start":{"line":17,"column":2},"end":{"line":17,"column":null}},"4":{"start":{"line":26,"column":2},"end":{"line":26,"column":null}},"5":{"start":{"line":36,"column":2},"end":{"line":36,"column":null}}},"fnMap":{"0":{"name":"initAnalytics","decl":{"start":{"line":14,"column":16},"end":{"line":14,"column":32}},"loc":{"start":{"line":14,"column":32},"end":{"line":18,"column":null}},"line":14},"1":{"name":"trackPageView","decl":{"start":{"line":25,"column":16},"end":{"line":25,"column":30}},"loc":{"start":{"line":25,"column":43},"end":{"line":27,"column":null}},"line":25},"2":{"name":"trackEvent","decl":{"start":{"line":35,"column":16},"end":{"line":35,"column":27}},"loc":{"start":{"line":35,"column":52},"end":{"line":37,"column":null}},"line":35}},"branchMap":{"0":{"loc":{"start":{"line":16,"column":2},"end":{"line":16,"column":null}},"type":"if","locations":[{"start":{"line":16,"column":2},"end":{"line":16,"column":null}},{"start":{},"end":{}}],"line":16}},"s":{"0":2,"1":2,"2":0,"3":2,"4":1,"5":2},"f":{"0":2,"1":1,"2":2},"b":{"0":[0,2]},"meta":{"lastBranch":1,"lastFunction":3,"lastStatement":6,"seen":{"f:14:16:14:32":0,"s:15:13:15:Infinity":0,"b:16:2:16:Infinity:undefined:undefined:undefined:undefined":0,"s:16:2:16:Infinity":1,"s:16:11:16:Infinity":2,"s:17:2:17:Infinity":3,"f:25:16:25:30":1,"s:26:2:26:Infinity":4,"f:35:16:35:27":2,"s:36:2:36:Infinity":5}}}
,"C:\\Promptwars\\carbonsaathi\\src\\utils\\carbonCalc.js": {"path":"C:\\Promptwars\\carbonsaathi\\src\\utils\\carbonCalc.js","statementMap":{"0":{"start":{"line":16,"column":16},"end":{"line":16,"column":null}},"1":{"start":{"line":16,"column":34},"end":{"line":16,"column":47}},"2":{"start":{"line":17,"column":2},"end":{"line":17,"column":null}},"3":{"start":{"line":17,"column":14},"end":{"line":17,"column":null}},"4":{"start":{"line":18,"column":2},"end":{"line":18,"column":null}},"5":{"start":{"line":29,"column":16},"end":{"line":29,"column":null}},"6":{"start":{"line":29,"column":34},"end":{"line":29,"column":47}},"7":{"start":{"line":30,"column":2},"end":{"line":30,"column":null}},"8":{"start":{"line":30,"column":14},"end":{"line":30,"column":null}},"9":{"start":{"line":31,"column":2},"end":{"line":31,"column":null}},"10":{"start":{"line":42,"column":20},"end":{"line":42,"column":null}},"11":{"start":{"line":43,"column":21},"end":{"line":43,"column":null}},"12":{"start":{"line":44,"column":15},"end":{"line":44,"column":null}},"13":{"start":{"line":45,"column":19},"end":{"line":45,"column":null}},"14":{"start":{"line":46,"column":2},"end":{"line":46,"column":null}},"15":{"start":{"line":57,"column":16},"end":{"line":57,"column":null}},"16":{"start":{"line":57,"column":34},"end":{"line":57,"column":47}},"17":{"start":{"line":58,"column":2},"end":{"line":58,"column":null}},"18":{"start":{"line":58,"column":14},"end":{"line":58,"column":null}},"19":{"start":{"line":59,"column":18},"end":{"line":59,"column":null}},"20":{"start":{"line":60,"column":2},"end":{"line":60,"column":null}},"21":{"start":{"line":69,"column":2},"end":{"line":71,"column":null}},"22":{"start":{"line":70,"column":50},"end":{"line":70,"column":61}},"23":{"start":{"line":82,"column":20},"end":{"line":82,"column":null}},"24":{"start":{"line":83,"column":16},"end":{"line":85,"column":null}},"25":{"start":{"line":86,"column":2},"end":{"line":86,"column":null}},"26":{"start":{"line":95,"column":2},"end":{"line":95,"column":null}},"27":{"start":{"line":107,"column":14},"end":{"line":107,"column":null}},"28":{"start":{"line":108,"column":2},"end":{"line":108,"column":null}},"29":{"start":{"line":108,"column":18},"end":{"line":108,"column":null}},"30":{"start":{"line":109,"column":2},"end":{"line":109,"column":null}},"31":{"start":{"line":118,"column":2},"end":{"line":120,"column":null}},"32":{"start":{"line":119,"column":4},"end":{"line":119,"column":null}},"33":{"start":{"line":121,"column":2},"end":{"line":123,"column":null}},"34":{"start":{"line":122,"column":4},"end":{"line":122,"column":null}},"35":{"start":{"line":124,"column":2},"end":{"line":124,"column":null}}},"fnMap":{"0":{"name":"calcTransport","decl":{"start":{"line":15,"column":16},"end":{"line":15,"column":30}},"loc":{"start":{"line":15,"column":47},"end":{"line":19,"column":null}},"line":15},"1":{"name":"(anonymous_1)","decl":{"start":{"line":16,"column":22},"end":{"line":16,"column":28}},"loc":{"start":{"line":16,"column":34},"end":{"line":16,"column":47}},"line":16},"2":{"name":"calcFood","decl":{"start":{"line":28,"column":16},"end":{"line":28,"column":25}},"loc":{"start":{"line":28,"column":45},"end":{"line":32,"column":null}},"line":28},"3":{"name":"(anonymous_3)","decl":{"start":{"line":29,"column":22},"end":{"line":29,"column":28}},"loc":{"start":{"line":29,"column":34},"end":{"line":29,"column":47}},"line":29},"4":{"name":"calcEnergy","decl":{"start":{"line":41,"column":16},"end":{"line":41,"column":27}},"loc":{"start":{"line":41,"column":57},"end":{"line":47,"column":null}},"line":41},"5":{"name":"calcShopping","decl":{"start":{"line":56,"column":16},"end":{"line":56,"column":29}},"loc":{"start":{"line":56,"column":49},"end":{"line":61,"column":null}},"line":56},"6":{"name":"(anonymous_6)","decl":{"start":{"line":57,"column":22},"end":{"line":57,"column":28}},"loc":{"start":{"line":57,"column":34},"end":{"line":57,"column":47}},"line":57},"7":{"name":"calcTotal","decl":{"start":{"line":68,"column":16},"end":{"line":68,"column":26}},"loc":{"start":{"line":68,"column":37},"end":{"line":72,"column":null}},"line":68},"8":{"name":"(anonymous_8)","decl":{"start":{"line":70,"column":29},"end":{"line":70,"column":37}},"loc":{"start":{"line":70,"column":50},"end":{"line":70,"column":61}},"line":70},"9":{"name":"calcScore","decl":{"start":{"line":81,"column":16},"end":{"line":81,"column":26}},"loc":{"start":{"line":81,"column":35},"end":{"line":87,"column":null}},"line":81},"10":{"name":"formatCO2","decl":{"start":{"line":94,"column":16},"end":{"line":94,"column":26}},"loc":{"start":{"line":94,"column":33},"end":{"line":96,"column":null}},"line":94},"11":{"name":"clampValue","decl":{"start":{"line":106,"column":16},"end":{"line":106,"column":27}},"loc":{"start":{"line":106,"column":44},"end":{"line":110,"column":null}},"line":106},"12":{"name":"getScoreLabel","decl":{"start":{"line":117,"column":16},"end":{"line":117,"column":30}},"loc":{"start":{"line":117,"column":37},"end":{"line":125,"column":null}},"line":117}},"branchMap":{"0":{"loc":{"start":{"line":17,"column":2},"end":{"line":17,"column":null}},"type":"if","locations":[{"start":{"line":17,"column":2},"end":{"line":17,"column":null}},{"start":{},"end":{}}],"line":17},"1":{"loc":{"start":{"line":30,"column":2},"end":{"line":30,"column":null}},"type":"if","locations":[{"start":{"line":30,"column":2},"end":{"line":30,"column":null}},{"start":{},"end":{}}],"line":30},"2":{"loc":{"start":{"line":45,"column":19},"end":{"line":45,"column":null}},"type":"cond-expr","locations":[{"start":{"line":45,"column":31},"end":{"line":45,"column":43}},{"start":{"line":45,"column":43},"end":{"line":45,"column":null}}],"line":45},"3":{"loc":{"start":{"line":58,"column":2},"end":{"line":58,"column":null}},"type":"if","locations":[{"start":{"line":58,"column":2},"end":{"line":58,"column":null}},{"start":{},"end":{}}],"line":58},"4":{"loc":{"start":{"line":108,"column":2},"end":{"line":108,"column":null}},"type":"if","locations":[{"start":{"line":108,"column":2},"end":{"line":108,"column":null}},{"start":{},"end":{}}],"line":108},"5":{"loc":{"start":{"line":118,"column":2},"end":{"line":120,"column":null}},"type":"if","locations":[{"start":{"line":118,"column":2},"end":{"line":120,"column":null}},{"start":{},"end":{}}],"line":118},"6":{"loc":{"start":{"line":121,"column":2},"end":{"line":123,"column":null}},"type":"if","locations":[{"start":{"line":121,"column":2},"end":{"line":123,"column":null}},{"start":{},"end":{}}],"line":121}},"s":{"0":6,"1":18,"2":6,"3":1,"4":5,"5":4,"6":11,"7":4,"8":1,"9":3,"10":5,"11":5,"12":5,"13":5,"14":5,"15":4,"16":9,"17":4,"18":0,"19":4,"20":4,"21":3,"22":10,"23":10,"24":10,"25":10,"26":6,"27":5,"28":5,"29":1,"30":4,"31":12,"32":4,"33":8,"34":4,"35":4},"f":{"0":6,"1":18,"2":4,"3":11,"4":5,"5":4,"6":9,"7":3,"8":10,"9":10,"10":6,"11":5,"12":12},"b":{"0":[1,5],"1":[1,3],"2":[1,4],"3":[0,4],"4":[1,4],"5":[4,8],"6":[4,4]},"meta":{"lastBranch":7,"lastFunction":13,"lastStatement":36,"seen":{"f:15:16:15:30":0,"s:16:16:16:Infinity":0,"f:16:22:16:28":1,"s:16:34:16:47":1,"b:17:2:17:Infinity:undefined:undefined:undefined:undefined":0,"s:17:2:17:Infinity":2,"s:17:14:17:Infinity":3,"s:18:2:18:Infinity":4,"f:28:16:28:25":2,"s:29:16:29:Infinity":5,"f:29:22:29:28":3,"s:29:34:29:47":6,"b:30:2:30:Infinity:undefined:undefined:undefined:undefined":1,"s:30:2:30:Infinity":7,"s:30:14:30:Infinity":8,"s:31:2:31:Infinity":9,"f:41:16:41:27":4,"s:42:20:42:Infinity":10,"s:43:21:43:Infinity":11,"s:44:15:44:Infinity":12,"s:45:19:45:Infinity":13,"b:45:31:45:43:45:43:45:Infinity":2,"s:46:2:46:Infinity":14,"f:56:16:56:29":5,"s:57:16:57:Infinity":15,"f:57:22:57:28":6,"s:57:34:57:47":16,"b:58:2:58:Infinity:undefined:undefined:undefined:undefined":3,"s:58:2:58:Infinity":17,"s:58:14:58:Infinity":18,"s:59:18:59:Infinity":19,"s:60:2:60:Infinity":20,"f:68:16:68:26":7,"s:69:2:71:Infinity":21,"f:70:29:70:37":8,"s:70:50:70:61":22,"f:81:16:81:26":9,"s:82:20:82:Infinity":23,"s:83:16:85:Infinity":24,"s:86:2:86:Infinity":25,"f:94:16:94:26":10,"s:95:2:95:Infinity":26,"f:106:16:106:27":11,"s:107:14:107:Infinity":27,"b:108:2:108:Infinity:undefined:undefined:undefined:undefined":4,"s:108:2:108:Infinity":28,"s:108:18:108:Infinity":29,"s:109:2:109:Infinity":30,"f:117:16:117:30":12,"b:118:2:120:Infinity:undefined:undefined:undefined:undefined":5,"s:118:2:120:Infinity":31,"s:119:4:119:Infinity":32,"b:121:2:123:Infinity:undefined:undefined:undefined:undefined":6,"s:121:2:123:Infinity":33,"s:122:4:122:Infinity":34,"s:124:2:124:Infinity":35}}}
,"C:\\Promptwars\\carbonsaathi\\src\\utils\\helpers.js": {"path":"C:\\Promptwars\\carbonsaathi\\src\\utils\\helpers.js","statementMap":{"0":{"start":{"line":15,"column":2},"end":{"line":15,"column":null}},"1":{"start":{"line":23,"column":15},"end":{"line":23,"column":null}},"2":{"start":{"line":24,"column":2},"end":{"line":24,"column":null}},"3":{"start":{"line":24,"column":17},"end":{"line":24,"column":null}},"4":{"start":{"line":25,"column":2},"end":{"line":25,"column":null}},"5":{"start":{"line":25,"column":17},"end":{"line":25,"column":null}},"6":{"start":{"line":26,"column":2},"end":{"line":26,"column":null}},"7":{"start":{"line":35,"column":14},"end":{"line":35,"column":null}},"8":{"start":{"line":37,"column":2},"end":{"line":39,"column":null}},"9":{"start":{"line":38,"column":4},"end":{"line":38,"column":null}},"10":{"start":{"line":41,"column":2},"end":{"line":43,"column":null}},"11":{"start":{"line":42,"column":4},"end":{"line":42,"column":null}},"12":{"start":{"line":45,"column":2},"end":{"line":47,"column":null}},"13":{"start":{"line":46,"column":4},"end":{"line":46,"column":null}},"14":{"start":{"line":49,"column":2},"end":{"line":51,"column":null}},"15":{"start":{"line":50,"column":4},"end":{"line":50,"column":null}},"16":{"start":{"line":53,"column":2},"end":{"line":55,"column":null}},"17":{"start":{"line":54,"column":4},"end":{"line":54,"column":null}},"18":{"start":{"line":57,"column":2},"end":{"line":59,"column":null}},"19":{"start":{"line":58,"column":4},"end":{"line":58,"column":null}},"20":{"start":{"line":61,"column":2},"end":{"line":63,"column":null}},"21":{"start":{"line":62,"column":4},"end":{"line":62,"column":null}},"22":{"start":{"line":65,"column":2},"end":{"line":67,"column":null}},"23":{"start":{"line":66,"column":4},"end":{"line":66,"column":null}},"24":{"start":{"line":69,"column":2},"end":{"line":69,"column":null}}},"fnMap":{"0":{"name":"formatShareText","decl":{"start":{"line":14,"column":16},"end":{"line":14,"column":32}},"loc":{"start":{"line":14,"column":39},"end":{"line":16,"column":null}},"line":14},"1":{"name":"getGreeting","decl":{"start":{"line":22,"column":16},"end":{"line":22,"column":30}},"loc":{"start":{"line":22,"column":30},"end":{"line":27,"column":null}},"line":22},"2":{"name":"getMockReply","decl":{"start":{"line":34,"column":16},"end":{"line":34,"column":29}},"loc":{"start":{"line":34,"column":36},"end":{"line":70,"column":null}},"line":34}},"branchMap":{"0":{"loc":{"start":{"line":24,"column":2},"end":{"line":24,"column":null}},"type":"if","locations":[{"start":{"line":24,"column":2},"end":{"line":24,"column":null}},{"start":{},"end":{}}],"line":24},"1":{"loc":{"start":{"line":25,"column":2},"end":{"line":25,"column":null}},"type":"if","locations":[{"start":{"line":25,"column":2},"end":{"line":25,"column":null}},{"start":{},"end":{}}],"line":25},"2":{"loc":{"start":{"line":37,"column":2},"end":{"line":39,"column":null}},"type":"if","locations":[{"start":{"line":37,"column":2},"end":{"line":39,"column":null}},{"start":{},"end":{}}],"line":37},"3":{"loc":{"start":{"line":37,"column":6},"end":{"line":37,"column":108}},"type":"binary-expr","locations":[{"start":{"line":37,"column":6},"end":{"line":37,"column":32}},{"start":{"line":37,"column":32},"end":{"line":37,"column":57}},{"start":{"line":37,"column":57},"end":{"line":37,"column":86}},{"start":{"line":37,"column":86},"end":{"line":37,"column":108}}],"line":37},"4":{"loc":{"start":{"line":41,"column":2},"end":{"line":43,"column":null}},"type":"if","locations":[{"start":{"line":41,"column":2},"end":{"line":43,"column":null}},{"start":{},"end":{}}],"line":41},"5":{"loc":{"start":{"line":41,"column":6},"end":{"line":41,"column":94}},"type":"binary-expr","locations":[{"start":{"line":41,"column":6},"end":{"line":41,"column":28}},{"start":{"line":41,"column":28},"end":{"line":41,"column":64}},{"start":{"line":41,"column":64},"end":{"line":41,"column":94}}],"line":41},"6":{"loc":{"start":{"line":45,"column":2},"end":{"line":47,"column":null}},"type":"if","locations":[{"start":{"line":45,"column":2},"end":{"line":47,"column":null}},{"start":{},"end":{}}],"line":45},"7":{"loc":{"start":{"line":45,"column":6},"end":{"line":45,"column":99}},"type":"binary-expr","locations":[{"start":{"line":45,"column":6},"end":{"line":45,"column":30}},{"start":{"line":45,"column":30},"end":{"line":45,"column":54}},{"start":{"line":45,"column":54},"end":{"line":45,"column":77}},{"start":{"line":45,"column":77},"end":{"line":45,"column":99}}],"line":45},"8":{"loc":{"start":{"line":49,"column":2},"end":{"line":51,"column":null}},"type":"if","locations":[{"start":{"line":49,"column":2},"end":{"line":51,"column":null}},{"start":{},"end":{}}],"line":49},"9":{"loc":{"start":{"line":49,"column":6},"end":{"line":49,"column":60}},"type":"binary-expr","locations":[{"start":{"line":49,"column":6},"end":{"line":49,"column":32}},{"start":{"line":49,"column":32},"end":{"line":49,"column":60}}],"line":49},"10":{"loc":{"start":{"line":53,"column":2},"end":{"line":55,"column":null}},"type":"if","locations":[{"start":{"line":53,"column":2},"end":{"line":55,"column":null}},{"start":{},"end":{}}],"line":53},"11":{"loc":{"start":{"line":53,"column":6},"end":{"line":53,"column":85}},"type":"binary-expr","locations":[{"start":{"line":53,"column":6},"end":{"line":53,"column":32}},{"start":{"line":53,"column":32},"end":{"line":53,"column":63}},{"start":{"line":53,"column":63},"end":{"line":53,"column":85}}],"line":53},"12":{"loc":{"start":{"line":57,"column":2},"end":{"line":59,"column":null}},"type":"if","locations":[{"start":{"line":57,"column":2},"end":{"line":59,"column":null}},{"start":{},"end":{}}],"line":57},"13":{"loc":{"start":{"line":57,"column":6},"end":{"line":57,"column":111}},"type":"binary-expr","locations":[{"start":{"line":57,"column":6},"end":{"line":57,"column":32}},{"start":{"line":57,"column":32},"end":{"line":57,"column":58}},{"start":{"line":57,"column":58},"end":{"line":57,"column":86}},{"start":{"line":57,"column":86},"end":{"line":57,"column":111}}],"line":57},"14":{"loc":{"start":{"line":61,"column":2},"end":{"line":63,"column":null}},"type":"if","locations":[{"start":{"line":61,"column":2},"end":{"line":63,"column":null}},{"start":{},"end":{}}],"line":61},"15":{"loc":{"start":{"line":61,"column":6},"end":{"line":61,"column":83}},"type":"binary-expr","locations":[{"start":{"line":61,"column":6},"end":{"line":61,"column":32}},{"start":{"line":61,"column":32},"end":{"line":61,"column":55}},{"start":{"line":61,"column":55},"end":{"line":61,"column":83}}],"line":61},"16":{"loc":{"start":{"line":65,"column":2},"end":{"line":67,"column":null}},"type":"if","locations":[{"start":{"line":65,"column":2},"end":{"line":67,"column":null}},{"start":{},"end":{}}],"line":65},"17":{"loc":{"start":{"line":65,"column":6},"end":{"line":65,"column":83}},"type":"binary-expr","locations":[{"start":{"line":65,"column":6},"end":{"line":65,"column":31}},{"start":{"line":65,"column":31},"end":{"line":65,"column":57}},{"start":{"line":65,"column":57},"end":{"line":65,"column":83}}],"line":65}},"s":{"0":3,"1":3,"2":3,"3":0,"4":3,"5":0,"6":3,"7":13,"8":13,"9":2,"10":11,"11":3,"12":8,"13":1,"14":7,"15":0,"16":7,"17":0,"18":7,"19":1,"20":6,"21":1,"22":5,"23":0,"24":5},"f":{"0":3,"1":3,"2":13},"b":{"0":[0,3],"1":[0,3],"2":[2,11],"3":[13,12,12,12],"4":[3,8],"5":[11,8,8],"6":[1,7],"7":[8,7,7,7],"8":[0,7],"9":[7,7],"10":[0,7],"11":[7,7,7],"12":[1,6],"13":[7,6,6,6],"14":[1,5],"15":[6,5,5],"16":[0,5],"17":[5,5,5]},"meta":{"lastBranch":18,"lastFunction":3,"lastStatement":25,"seen":{"f:14:16:14:32":0,"s:15:2:15:Infinity":0,"f:22:16:22:30":1,"s:23:15:23:Infinity":1,"b:24:2:24:Infinity:undefined:undefined:undefined:undefined":0,"s:24:2:24:Infinity":2,"s:24:17:24:Infinity":3,"b:25:2:25:Infinity:undefined:undefined:undefined:undefined":1,"s:25:2:25:Infinity":4,"s:25:17:25:Infinity":5,"s:26:2:26:Infinity":6,"f:34:16:34:29":2,"s:35:14:35:Infinity":7,"b:37:2:39:Infinity:undefined:undefined:undefined:undefined":2,"s:37:2:39:Infinity":8,"b:37:6:37:32:37:32:37:57:37:57:37:86:37:86:37:108":3,"s:38:4:38:Infinity":9,"b:41:2:43:Infinity:undefined:undefined:undefined:undefined":4,"s:41:2:43:Infinity":10,"b:41:6:41:28:41:28:41:64:41:64:41:94":5,"s:42:4:42:Infinity":11,"b:45:2:47:Infinity:undefined:undefined:undefined:undefined":6,"s:45:2:47:Infinity":12,"b:45:6:45:30:45:30:45:54:45:54:45:77:45:77:45:99":7,"s:46:4:46:Infinity":13,"b:49:2:51:Infinity:undefined:undefined:undefined:undefined":8,"s:49:2:51:Infinity":14,"b:49:6:49:32:49:32:49:60":9,"s:50:4:50:Infinity":15,"b:53:2:55:Infinity:undefined:undefined:undefined:undefined":10,"s:53:2:55:Infinity":16,"b:53:6:53:32:53:32:53:63:53:63:53:85":11,"s:54:4:54:Infinity":17,"b:57:2:59:Infinity:undefined:undefined:undefined:undefined":12,"s:57:2:59:Infinity":18,"b:57:6:57:32:57:32:57:58:57:58:57:86:57:86:57:111":13,"s:58:4:58:Infinity":19,"b:61:2:63:Infinity:undefined:undefined:undefined:undefined":14,"s:61:2:63:Infinity":20,"b:61:6:61:32:61:32:61:55:61:55:61:83":15,"s:62:4:62:Infinity":21,"b:65:2:67:Infinity:undefined:undefined:undefined:undefined":16,"s:65:2:67:Infinity":22,"b:65:6:65:31:65:31:65:57:65:57:65:83":17,"s:66:4:66:Infinity":23,"s:69:2:69:Infinity":24}}}
}
